[2021-04-30 00:32:30] [ DEBUG] [LeerExcel:17] ==INICIO==
[2021-04-30 00:32:46] [ DEBUG] [LeerExcel:17] ==INICIO==
[2021-04-30 00:32:46] [ INFO ] [LeerExcel:34] L
[2021-04-30 00:32:46] [ INFO ] [LeerExcel:34] M
[2021-04-30 00:32:46] [ INFO ] [LeerExcel:34] X
[2021-04-30 00:32:46] [ INFO ] [LeerExcel:34] J
[2021-04-30 00:32:46] [ INFO ] [LeerExcel:34] V
[2021-04-30 00:32:46] [ INFO ] [LeerExcel:34] S
[2021-04-30 00:32:46] [ INFO ] [LeerExcel:34] D
[2021-04-30 00:32:46] [ INFO ] [LeerExcel:37] 
[2021-04-30 00:32:46] [ INFO ] [LeerExcel:34] _
[2021-04-30 00:32:46] [ INFO ] [LeerExcel:34] _
[2021-04-30 00:32:46] [ INFO ] [LeerExcel:34] _
[2021-04-30 00:32:46] [ INFO ] [LeerExcel:34] _
[2021-04-30 00:32:46] [ INFO ] [LeerExcel:34] _
[2021-04-30 00:32:46] [ INFO ] [LeerExcel:34] _
[2021-04-30 00:32:46] [ INFO ] [LeerExcel:34] _
[2021-04-30 00:32:46] [ INFO ] [LeerExcel:37] 
[2021-04-30 00:32:46] [ INFO ] [LeerExcel:34] _
[2021-04-30 00:32:46] [ INFO ] [LeerExcel:34] _
[2021-04-30 00:32:46] [ INFO ] [LeerExcel:34] _
[2021-04-30 00:32:46] [ INFO ] [LeerExcel:34] _
[2021-04-30 00:32:46] [ INFO ] [LeerExcel:34] _
[2021-04-30 00:32:46] [ INFO ] [LeerExcel:34] _
[2021-04-30 00:32:46] [ INFO ] [LeerExcel:34] _
[2021-04-30 00:32:46] [ INFO ] [LeerExcel:37] 
[2021-04-30 00:32:46] [ INFO ] [LeerExcel:34] _
[2021-04-30 00:32:46] [ INFO ] [LeerExcel:34] _
[2021-04-30 00:32:46] [ INFO ] [LeerExcel:34] _
[2021-04-30 00:32:46] [ INFO ] [LeerExcel:34] _
[2021-04-30 00:32:46] [ INFO ] [LeerExcel:34] _
[2021-04-30 00:32:46] [ INFO ] [LeerExcel:34] _
[2021-04-30 00:32:46] [ INFO ] [LeerExcel:34] _
[2021-04-30 00:32:46] [ INFO ] [LeerExcel:37] 
[2021-04-30 00:32:46] [ INFO ] [LeerExcel:34] _
[2021-04-30 00:32:46] [ INFO ] [LeerExcel:34] _
[2021-04-30 00:32:46] [ INFO ] [LeerExcel:34] _
[2021-04-30 00:32:46] [ INFO ] [LeerExcel:34] _
[2021-04-30 00:32:46] [ INFO ] [LeerExcel:34] _
[2021-04-30 00:32:46] [ INFO ] [LeerExcel:34] _
[2021-04-30 00:32:46] [ INFO ] [LeerExcel:34] _
[2021-04-30 00:32:46] [ INFO ] [LeerExcel:37] 
[2021-04-30 00:32:46] [ INFO ] [LeerExcel:34] _
[2021-04-30 00:32:46] [ INFO ] [LeerExcel:34] _
[2021-04-30 00:32:46] [ INFO ] [LeerExcel:34] _
[2021-04-30 00:32:46] [ INFO ] [LeerExcel:34] _
[2021-04-30 00:32:46] [ INFO ] [LeerExcel:34] _
[2021-04-30 00:32:46] [ INFO ] [LeerExcel:34] _
[2021-04-30 00:32:46] [ INFO ] [LeerExcel:34] _
[2021-04-30 00:32:46] [ INFO ] [LeerExcel:37] 
[2021-05-01 15:11:02] [ DEBUG] [LeerExcel:17] ==INICIO==
[2021-05-01 15:11:02] [ INFO ] [LeerExcel:34] L
[2021-05-01 15:11:02] [ INFO ] [LeerExcel:34] M
[2021-05-01 15:11:02] [ INFO ] [LeerExcel:34] X
[2021-05-01 15:11:02] [ INFO ] [LeerExcel:34] J
[2021-05-01 15:11:02] [ INFO ] [LeerExcel:34] V
[2021-05-01 15:11:02] [ INFO ] [LeerExcel:34] S
[2021-05-01 15:11:02] [ INFO ] [LeerExcel:34] D
[2021-05-01 15:11:02] [ INFO ] [LeerExcel:37] 
[2021-05-01 15:11:02] [ INFO ] [LeerExcel:34] _
[2021-05-01 15:11:02] [ INFO ] [LeerExcel:34] _
[2021-05-01 15:11:02] [ INFO ] [LeerExcel:34] 1
[2021-05-01 15:11:02] [ INFO ] [LeerExcel:34] 2
[2021-05-01 15:11:02] [ INFO ] [LeerExcel:34] 3
[2021-05-01 15:11:02] [ INFO ] [LeerExcel:34] 4
[2021-05-01 15:11:02] [ INFO ] [LeerExcel:34] 5
[2021-05-01 15:11:02] [ INFO ] [LeerExcel:37] 
[2021-05-01 15:11:02] [ INFO ] [LeerExcel:34] 6
[2021-05-01 15:11:02] [ INFO ] [LeerExcel:34] 7
[2021-05-01 15:11:02] [ INFO ] [LeerExcel:34] 8
[2021-05-01 15:11:02] [ INFO ] [LeerExcel:34] 9
[2021-05-01 15:11:02] [ INFO ] [LeerExcel:34] 10
[2021-05-01 15:11:02] [ INFO ] [LeerExcel:34] 11
[2021-05-01 15:11:02] [ INFO ] [LeerExcel:34] 12
[2021-05-01 15:11:02] [ INFO ] [LeerExcel:37] 
[2021-05-01 15:11:02] [ INFO ] [LeerExcel:34] 13
[2021-05-01 15:11:02] [ INFO ] [LeerExcel:34] 14
[2021-05-01 15:11:02] [ INFO ] [LeerExcel:34] 15
[2021-05-01 15:11:02] [ INFO ] [LeerExcel:34] 16
[2021-05-01 15:11:02] [ INFO ] [LeerExcel:34] 17
[2021-05-01 15:11:02] [ INFO ] [LeerExcel:34] 18
[2021-05-01 15:11:02] [ INFO ] [LeerExcel:34] 19
[2021-05-01 15:11:02] [ INFO ] [LeerExcel:37] 
[2021-05-01 15:11:02] [ INFO ] [LeerExcel:34] 20
[2021-05-01 15:11:02] [ INFO ] [LeerExcel:34] 21
[2021-05-01 15:11:02] [ INFO ] [LeerExcel:34] 22
[2021-05-01 15:11:02] [ INFO ] [LeerExcel:34] 23
[2021-05-01 15:11:02] [ INFO ] [LeerExcel:34] 24
[2021-05-01 15:11:02] [ INFO ] [LeerExcel:34] 25
[2021-05-01 15:11:02] [ INFO ] [LeerExcel:34] 26
[2021-05-01 15:11:02] [ INFO ] [LeerExcel:37] 
[2021-05-01 15:11:02] [ INFO ] [LeerExcel:34] 27
[2021-05-01 15:11:02] [ INFO ] [LeerExcel:34] 28
[2021-05-01 15:11:02] [ INFO ] [LeerExcel:34] 29
[2021-05-01 15:11:02] [ INFO ] [LeerExcel:34] 30
[2021-05-01 15:11:02] [ INFO ] [LeerExcel:34] 31
[2021-05-01 15:11:02] [ INFO ] [LeerExcel:34] _
[2021-05-01 15:11:02] [ INFO ] [LeerExcel:34] _
[2021-05-01 15:11:02] [ INFO ] [LeerExcel:37] 
[2021-05-01 15:11:02] [ INFO ] [LeerExcel:34] _
[2021-05-01 15:11:02] [ INFO ] [LeerExcel:34] _
[2021-05-01 15:11:02] [ INFO ] [LeerExcel:34] _
[2021-05-01 15:11:02] [ INFO ] [LeerExcel:34] _
[2021-05-01 15:11:02] [ INFO ] [LeerExcel:34] _
[2021-05-01 15:11:02] [ INFO ] [LeerExcel:34] _
[2021-05-01 15:11:02] [ INFO ] [LeerExcel:34] _
[2021-05-01 15:11:02] [ INFO ] [LeerExcel:37] 
[2021-05-01 15:11:02] [ INFO ] [LeerExcel:34] L
[2021-05-01 15:11:02] [ INFO ] [LeerExcel:34] M
[2021-05-01 15:11:02] [ INFO ] [LeerExcel:34] X
[2021-05-01 15:11:02] [ INFO ] [LeerExcel:34] J
[2021-05-01 15:11:02] [ INFO ] [LeerExcel:34] V
[2021-05-01 15:11:02] [ INFO ] [LeerExcel:34] S
[2021-05-01 15:11:02] [ INFO ] [LeerExcel:34] D
[2021-05-01 15:11:02] [ INFO ] [LeerExcel:37] 
[2021-05-01 15:11:02] [ INFO ] [LeerExcel:34] _
[2021-05-01 15:11:02] [ INFO ] [LeerExcel:34] _
[2021-05-01 15:11:02] [ INFO ] [LeerExcel:34] _
[2021-05-01 15:11:02] [ INFO ] [LeerExcel:34] _
[2021-05-01 15:11:02] [ INFO ] [LeerExcel:34] _
[2021-05-01 15:11:02] [ INFO ] [LeerExcel:34] 1
[2021-05-01 15:11:02] [ INFO ] [LeerExcel:34] 2
[2021-05-01 15:11:02] [ INFO ] [LeerExcel:37] 
[2021-05-01 15:11:02] [ INFO ] [LeerExcel:34] 3
[2021-05-01 15:11:02] [ INFO ] [LeerExcel:34] 4
[2021-05-01 15:11:02] [ INFO ] [LeerExcel:34] 5
[2021-05-01 15:11:02] [ INFO ] [LeerExcel:34] 6
[2021-05-01 15:11:02] [ INFO ] [LeerExcel:34] 7
[2021-05-01 15:11:02] [ INFO ] [LeerExcel:34] 8
[2021-05-01 15:11:02] [ INFO ] [LeerExcel:34] 9
[2021-05-01 15:11:02] [ INFO ] [LeerExcel:37] 
[2021-05-01 15:11:02] [ INFO ] [LeerExcel:34] 10
[2021-05-01 15:11:02] [ INFO ] [LeerExcel:34] 11
[2021-05-01 15:11:02] [ INFO ] [LeerExcel:34] 12
[2021-05-01 15:11:02] [ INFO ] [LeerExcel:34] 13
[2021-05-01 15:11:02] [ INFO ] [LeerExcel:34] 14
[2021-05-01 15:11:02] [ INFO ] [LeerExcel:34] 15
[2021-05-01 15:11:02] [ INFO ] [LeerExcel:34] 16
[2021-05-01 15:11:02] [ INFO ] [LeerExcel:37] 
[2021-05-01 15:11:02] [ INFO ] [LeerExcel:34] 17
[2021-05-01 15:11:02] [ INFO ] [LeerExcel:34] 18
[2021-05-01 15:11:02] [ INFO ] [LeerExcel:34] 19
[2021-05-01 15:11:02] [ INFO ] [LeerExcel:34] 20
[2021-05-01 15:11:02] [ INFO ] [LeerExcel:34] 21
[2021-05-01 15:11:02] [ INFO ] [LeerExcel:34] 22
[2021-05-01 15:11:02] [ INFO ] [LeerExcel:34] 23
[2021-05-01 15:11:02] [ INFO ] [LeerExcel:37] 
[2021-05-01 15:11:02] [ INFO ] [LeerExcel:34] 24
[2021-05-01 15:11:02] [ INFO ] [LeerExcel:34] 25
[2021-05-01 15:11:02] [ INFO ] [LeerExcel:34] 26
[2021-05-01 15:11:02] [ INFO ] [LeerExcel:34] 27
[2021-05-01 15:11:02] [ INFO ] [LeerExcel:34] 28
[2021-05-01 15:11:02] [ INFO ] [LeerExcel:34] 29
[2021-05-01 15:11:02] [ INFO ] [LeerExcel:34] _
[2021-05-01 15:11:02] [ INFO ] [LeerExcel:37] 
[2021-05-01 15:11:02] [ INFO ] [LeerExcel:34] _
[2021-05-01 15:11:02] [ INFO ] [LeerExcel:34] _
[2021-05-01 15:11:02] [ INFO ] [LeerExcel:34] _
[2021-05-01 15:11:02] [ INFO ] [LeerExcel:34] _
[2021-05-01 15:11:02] [ INFO ] [LeerExcel:34] _
[2021-05-01 15:11:02] [ INFO ] [LeerExcel:34] _
[2021-05-01 15:11:02] [ INFO ] [LeerExcel:34] _
[2021-05-01 15:11:02] [ INFO ] [LeerExcel:37] 
[2021-05-01 15:11:02] [ INFO ] [LeerExcel:34] L
[2021-05-01 15:11:02] [ INFO ] [LeerExcel:34] M
[2021-05-01 15:11:02] [ INFO ] [LeerExcel:34] X
[2021-05-01 15:11:02] [ INFO ] [LeerExcel:34] J
[2021-05-01 15:11:02] [ INFO ] [LeerExcel:34] V
[2021-05-01 15:11:02] [ INFO ] [LeerExcel:34] S
[2021-05-01 15:11:02] [ INFO ] [LeerExcel:34] D
[2021-05-01 15:11:02] [ INFO ] [LeerExcel:37] 
[2021-05-01 15:11:02] [ INFO ] [LeerExcel:34] _
[2021-05-01 15:11:02] [ INFO ] [LeerExcel:34] _
[2021-05-01 15:11:02] [ INFO ] [LeerExcel:34] _
[2021-05-01 15:11:02] [ INFO ] [LeerExcel:34] _
[2021-05-01 15:11:02] [ INFO ] [LeerExcel:34] _
[2021-05-01 15:11:02] [ INFO ] [LeerExcel:34] _
[2021-05-01 15:11:02] [ INFO ] [LeerExcel:34] 1
[2021-05-01 15:11:02] [ INFO ] [LeerExcel:37] 
[2021-05-01 15:11:02] [ INFO ] [LeerExcel:34] 2
[2021-05-01 15:11:02] [ INFO ] [LeerExcel:34] 3
[2021-05-01 15:11:02] [ INFO ] [LeerExcel:34] 4
[2021-05-01 15:11:02] [ INFO ] [LeerExcel:34] 5
[2021-05-01 15:11:02] [ INFO ] [LeerExcel:34] 6
[2021-05-01 15:11:02] [ INFO ] [LeerExcel:34] 7
[2021-05-01 15:11:02] [ INFO ] [LeerExcel:34] 8
[2021-05-01 15:11:02] [ INFO ] [LeerExcel:37] 
[2021-05-01 15:11:02] [ INFO ] [LeerExcel:34] 9
[2021-05-01 15:11:02] [ INFO ] [LeerExcel:34] 10
[2021-05-01 15:11:02] [ INFO ] [LeerExcel:34] 11
[2021-05-01 15:11:02] [ INFO ] [LeerExcel:34] 12
[2021-05-01 15:11:02] [ INFO ] [LeerExcel:34] 13
[2021-05-01 15:11:02] [ INFO ] [LeerExcel:34] 14
[2021-05-01 15:11:02] [ INFO ] [LeerExcel:34] 15
[2021-05-01 15:11:02] [ INFO ] [LeerExcel:37] 
[2021-05-01 15:11:02] [ INFO ] [LeerExcel:34] 16
[2021-05-01 15:11:02] [ INFO ] [LeerExcel:34] 17
[2021-05-01 15:11:02] [ INFO ] [LeerExcel:34] 18
[2021-05-01 15:11:02] [ INFO ] [LeerExcel:34] 19
[2021-05-01 15:11:02] [ INFO ] [LeerExcel:34] 20
[2021-05-01 15:11:02] [ INFO ] [LeerExcel:34] 21
[2021-05-01 15:11:02] [ INFO ] [LeerExcel:34] 22
[2021-05-01 15:11:02] [ INFO ] [LeerExcel:37] 
[2021-05-01 15:11:02] [ INFO ] [LeerExcel:34] 23
[2021-05-01 15:11:02] [ INFO ] [LeerExcel:34] 24
[2021-05-01 15:11:02] [ INFO ] [LeerExcel:34] 25
[2021-05-01 15:11:02] [ INFO ] [LeerExcel:34] 26
[2021-05-01 15:11:02] [ INFO ] [LeerExcel:34] 27
[2021-05-01 15:11:02] [ INFO ] [LeerExcel:34] 28
[2021-05-01 15:11:02] [ INFO ] [LeerExcel:34] 29
[2021-05-01 15:11:02] [ INFO ] [LeerExcel:37] 
[2021-05-01 15:11:02] [ INFO ] [LeerExcel:34] 30
[2021-05-01 15:11:02] [ INFO ] [LeerExcel:34] 31
[2021-05-01 15:11:02] [ INFO ] [LeerExcel:34] _
[2021-05-01 15:11:02] [ INFO ] [LeerExcel:34] _
[2021-05-01 15:11:02] [ INFO ] [LeerExcel:34] _
[2021-05-01 15:11:02] [ INFO ] [LeerExcel:34] _
[2021-05-01 15:11:02] [ INFO ] [LeerExcel:34] _
[2021-05-01 15:11:02] [ INFO ] [LeerExcel:37] 
[2021-05-01 15:11:02] [ INFO ] [LeerExcel:34] L
[2021-05-01 15:11:02] [ INFO ] [LeerExcel:34] M
[2021-05-01 15:11:02] [ INFO ] [LeerExcel:34] X
[2021-05-01 15:11:02] [ INFO ] [LeerExcel:34] J
[2021-05-01 15:11:02] [ INFO ] [LeerExcel:34] V
[2021-05-01 15:11:02] [ INFO ] [LeerExcel:34] S
[2021-05-01 15:11:02] [ INFO ] [LeerExcel:34] D
[2021-05-01 15:11:02] [ INFO ] [LeerExcel:37] 
[2021-05-01 15:11:02] [ INFO ] [LeerExcel:34] _
[2021-05-01 15:11:02] [ INFO ] [LeerExcel:34] _
[2021-05-01 15:11:02] [ INFO ] [LeerExcel:34] 1
[2021-05-01 15:11:02] [ INFO ] [LeerExcel:34] 2
[2021-05-01 15:11:02] [ INFO ] [LeerExcel:34] 3
[2021-05-01 15:11:02] [ INFO ] [LeerExcel:34] 4
[2021-05-01 15:11:02] [ INFO ] [LeerExcel:34] 5
[2021-05-01 15:11:02] [ INFO ] [LeerExcel:37] 
[2021-05-01 15:11:02] [ INFO ] [LeerExcel:34] 6
[2021-05-01 15:11:02] [ INFO ] [LeerExcel:34] 7
[2021-05-01 15:11:02] [ INFO ] [LeerExcel:34] 8
[2021-05-01 15:11:02] [ INFO ] [LeerExcel:34] 9
[2021-05-01 15:11:02] [ INFO ] [LeerExcel:34] 10
[2021-05-01 15:11:02] [ INFO ] [LeerExcel:34] 11
[2021-05-01 15:11:02] [ INFO ] [LeerExcel:34] 12
[2021-05-01 15:11:02] [ INFO ] [LeerExcel:37] 
[2021-05-01 15:11:02] [ INFO ] [LeerExcel:34] 13
[2021-05-01 15:11:02] [ INFO ] [LeerExcel:34] 14
[2021-05-01 15:11:02] [ INFO ] [LeerExcel:34] 15
[2021-05-01 15:11:02] [ INFO ] [LeerExcel:34] 16
[2021-05-01 15:11:02] [ INFO ] [LeerExcel:34] 17
[2021-05-01 15:11:02] [ INFO ] [LeerExcel:34] 18
[2021-05-01 15:11:02] [ INFO ] [LeerExcel:34] 19
[2021-05-01 15:11:02] [ INFO ] [LeerExcel:37] 
[2021-05-01 15:11:02] [ INFO ] [LeerExcel:34] 20
[2021-05-01 15:11:02] [ INFO ] [LeerExcel:34] 21
[2021-05-01 15:11:02] [ INFO ] [LeerExcel:34] 22
[2021-05-01 15:11:02] [ INFO ] [LeerExcel:34] 23
[2021-05-01 15:11:02] [ INFO ] [LeerExcel:34] 24
[2021-05-01 15:11:02] [ INFO ] [LeerExcel:34] 25
[2021-05-01 15:11:02] [ INFO ] [LeerExcel:34] 26
[2021-05-01 15:11:02] [ INFO ] [LeerExcel:37] 
[2021-05-01 15:11:02] [ INFO ] [LeerExcel:34] 27
[2021-05-01 15:11:02] [ INFO ] [LeerExcel:34] 28
[2021-05-01 15:11:02] [ INFO ] [LeerExcel:34] 29
[2021-05-01 15:11:02] [ INFO ] [LeerExcel:34] 30
[2021-05-01 15:11:02] [ INFO ] [LeerExcel:34] _
[2021-05-01 15:11:02] [ INFO ] [LeerExcel:34] _
[2021-05-01 15:11:02] [ INFO ] [LeerExcel:34] _
[2021-05-01 15:11:02] [ INFO ] [LeerExcel:37] 
[2021-05-01 15:11:02] [ INFO ] [LeerExcel:34] _
[2021-05-01 15:11:02] [ INFO ] [LeerExcel:34] _
[2021-05-01 15:11:02] [ INFO ] [LeerExcel:34] _
[2021-05-01 15:11:02] [ INFO ] [LeerExcel:34] _
[2021-05-01 15:11:02] [ INFO ] [LeerExcel:34] _
[2021-05-01 15:11:02] [ INFO ] [LeerExcel:34] _
[2021-05-01 15:11:02] [ INFO ] [LeerExcel:34] _
[2021-05-01 15:11:02] [ INFO ] [LeerExcel:37] 
[2021-05-01 15:11:02] [ INFO ] [LeerExcel:34] L
[2021-05-01 15:11:02] [ INFO ] [LeerExcel:34] M
[2021-05-01 15:11:02] [ INFO ] [LeerExcel:34] X
[2021-05-01 15:11:02] [ INFO ] [LeerExcel:34] J
[2021-05-01 15:11:02] [ INFO ] [LeerExcel:34] V
[2021-05-01 15:11:02] [ INFO ] [LeerExcel:34] S
[2021-05-01 15:11:02] [ INFO ] [LeerExcel:34] D
[2021-05-01 15:11:02] [ INFO ] [LeerExcel:37] 
[2021-05-01 15:11:02] [ INFO ] [LeerExcel:34] _
[2021-05-01 15:11:02] [ INFO ] [LeerExcel:34] _
[2021-05-01 15:11:02] [ INFO ] [LeerExcel:34] _
[2021-05-01 15:11:02] [ INFO ] [LeerExcel:34] _
[2021-05-01 15:11:02] [ INFO ] [LeerExcel:34] 1
[2021-05-01 15:11:02] [ INFO ] [LeerExcel:34] 2
[2021-05-01 15:11:02] [ INFO ] [LeerExcel:34] 3
[2021-05-01 15:11:02] [ INFO ] [LeerExcel:37] 
[2021-05-01 15:11:02] [ INFO ] [LeerExcel:34] 4
[2021-05-01 15:11:02] [ INFO ] [LeerExcel:34] 5
[2021-05-01 15:11:02] [ INFO ] [LeerExcel:34] 6
[2021-05-01 15:11:02] [ INFO ] [LeerExcel:34] 7
[2021-05-01 15:11:02] [ INFO ] [LeerExcel:34] 8
[2021-05-01 15:11:02] [ INFO ] [LeerExcel:34] 9
[2021-05-01 15:11:02] [ INFO ] [LeerExcel:34] 10
[2021-05-01 15:11:02] [ INFO ] [LeerExcel:37] 
[2021-05-01 15:11:02] [ INFO ] [LeerExcel:34] 11
[2021-05-01 15:11:02] [ INFO ] [LeerExcel:34] 12
[2021-05-01 15:11:02] [ INFO ] [LeerExcel:34] 13
[2021-05-01 15:11:02] [ INFO ] [LeerExcel:34] 14
[2021-05-01 15:11:02] [ INFO ] [LeerExcel:34] 15
[2021-05-01 15:11:02] [ INFO ] [LeerExcel:34] 16
[2021-05-01 15:11:02] [ INFO ] [LeerExcel:34] 17
[2021-05-01 15:11:02] [ INFO ] [LeerExcel:37] 
[2021-05-01 15:11:02] [ INFO ] [LeerExcel:34] 18
[2021-05-01 15:11:02] [ INFO ] [LeerExcel:34] 19
[2021-05-01 15:11:02] [ INFO ] [LeerExcel:34] 20
[2021-05-01 15:11:02] [ INFO ] [LeerExcel:34] 21
[2021-05-01 15:11:02] [ INFO ] [LeerExcel:34] 22
[2021-05-01 15:11:02] [ INFO ] [LeerExcel:34] 23
[2021-05-01 15:11:02] [ INFO ] [LeerExcel:34] 24
[2021-05-01 15:11:02] [ INFO ] [LeerExcel:37] 
[2021-05-01 15:11:02] [ INFO ] [LeerExcel:34] 25
[2021-05-01 15:11:02] [ INFO ] [LeerExcel:34] 26
[2021-05-01 15:11:02] [ INFO ] [LeerExcel:34] 27
[2021-05-01 15:11:02] [ INFO ] [LeerExcel:34] 28
[2021-05-01 15:11:02] [ INFO ] [LeerExcel:34] 29
[2021-05-01 15:11:02] [ INFO ] [LeerExcel:34] 30
[2021-05-01 15:11:02] [ INFO ] [LeerExcel:34] 31
[2021-05-01 15:11:02] [ INFO ] [LeerExcel:37] 
[2021-05-01 15:11:02] [ INFO ] [LeerExcel:34] _
[2021-05-01 15:11:02] [ INFO ] [LeerExcel:34] _
[2021-05-01 15:11:02] [ INFO ] [LeerExcel:34] _
[2021-05-01 15:11:02] [ INFO ] [LeerExcel:34] _
[2021-05-01 15:11:02] [ INFO ] [LeerExcel:34] _
[2021-05-01 15:11:02] [ INFO ] [LeerExcel:34] _
[2021-05-01 15:11:02] [ INFO ] [LeerExcel:34] _
[2021-05-01 15:11:02] [ INFO ] [LeerExcel:37] 
[2021-05-01 15:11:02] [ INFO ] [LeerExcel:34] L
[2021-05-01 15:11:02] [ INFO ] [LeerExcel:34] M
[2021-05-01 15:11:02] [ INFO ] [LeerExcel:34] X
[2021-05-01 15:11:02] [ INFO ] [LeerExcel:34] J
[2021-05-01 15:11:02] [ INFO ] [LeerExcel:34] V
[2021-05-01 15:11:02] [ INFO ] [LeerExcel:34] S
[2021-05-01 15:11:02] [ INFO ] [LeerExcel:34] D
[2021-05-01 15:11:02] [ INFO ] [LeerExcel:37] 
[2021-05-01 15:11:02] [ INFO ] [LeerExcel:34] 1
[2021-05-01 15:11:02] [ INFO ] [LeerExcel:34] 2
[2021-05-01 15:11:02] [ INFO ] [LeerExcel:34] 3
[2021-05-01 15:11:02] [ INFO ] [LeerExcel:34] 4
[2021-05-01 15:11:02] [ INFO ] [LeerExcel:34] 5
[2021-05-01 15:11:02] [ INFO ] [LeerExcel:34] 6
[2021-05-01 15:11:02] [ INFO ] [LeerExcel:34] 7
[2021-05-01 15:11:02] [ INFO ] [LeerExcel:37] 
[2021-05-01 15:11:02] [ INFO ] [LeerExcel:34] 8
[2021-05-01 15:11:02] [ INFO ] [LeerExcel:34] 9
[2021-05-01 15:11:02] [ INFO ] [LeerExcel:34] 10
[2021-05-01 15:11:02] [ INFO ] [LeerExcel:34] 11
[2021-05-01 15:11:02] [ INFO ] [LeerExcel:34] 12
[2021-05-01 15:11:02] [ INFO ] [LeerExcel:34] 13
[2021-05-01 15:11:02] [ INFO ] [LeerExcel:34] 14
[2021-05-01 15:11:02] [ INFO ] [LeerExcel:37] 
[2021-05-01 15:11:02] [ INFO ] [LeerExcel:34] 15
[2021-05-01 15:11:02] [ INFO ] [LeerExcel:34] 16
[2021-05-01 15:11:02] [ INFO ] [LeerExcel:34] 17
[2021-05-01 15:11:02] [ INFO ] [LeerExcel:34] 18
[2021-05-01 15:11:02] [ INFO ] [LeerExcel:34] 19
[2021-05-01 15:11:02] [ INFO ] [LeerExcel:34] 20
[2021-05-01 15:11:02] [ INFO ] [LeerExcel:34] 21
[2021-05-01 15:11:02] [ INFO ] [LeerExcel:37] 
[2021-05-01 15:11:02] [ INFO ] [LeerExcel:34] 22
[2021-05-01 15:11:02] [ INFO ] [LeerExcel:34] 23
[2021-05-01 15:11:02] [ INFO ] [LeerExcel:34] 24
[2021-05-01 15:11:02] [ INFO ] [LeerExcel:34] 25
[2021-05-01 15:11:02] [ INFO ] [LeerExcel:34] 26
[2021-05-01 15:11:02] [ INFO ] [LeerExcel:34] 27
[2021-05-01 15:11:02] [ INFO ] [LeerExcel:34] 28
[2021-05-01 15:11:02] [ INFO ] [LeerExcel:37] 
[2021-05-01 15:11:02] [ INFO ] [LeerExcel:34] 29
[2021-05-01 15:11:02] [ INFO ] [LeerExcel:34] 30
[2021-05-01 15:11:02] [ INFO ] [LeerExcel:34] _
[2021-05-01 15:11:02] [ INFO ] [LeerExcel:34] _
[2021-05-01 15:11:02] [ INFO ] [LeerExcel:34] _
[2021-05-01 15:11:02] [ INFO ] [LeerExcel:34] _
[2021-05-01 15:11:02] [ INFO ] [LeerExcel:34] _
[2021-05-01 15:11:02] [ INFO ] [LeerExcel:37] 
[2021-05-01 15:11:02] [ INFO ] [LeerExcel:34] _
[2021-05-01 15:11:02] [ INFO ] [LeerExcel:34] _
[2021-05-01 15:11:02] [ INFO ] [LeerExcel:34] _
[2021-05-01 15:11:02] [ INFO ] [LeerExcel:34] _
[2021-05-01 15:11:02] [ INFO ] [LeerExcel:34] _
[2021-05-01 15:11:02] [ INFO ] [LeerExcel:34] _
[2021-05-01 15:11:02] [ INFO ] [LeerExcel:34] _
[2021-05-01 15:11:02] [ INFO ] [LeerExcel:37] 
[2021-05-01 15:11:02] [ INFO ] [LeerExcel:34] L
[2021-05-01 15:11:02] [ INFO ] [LeerExcel:34] M
[2021-05-01 15:11:02] [ INFO ] [LeerExcel:34] X
[2021-05-01 15:11:02] [ INFO ] [LeerExcel:34] J
[2021-05-01 15:11:02] [ INFO ] [LeerExcel:34] V
[2021-05-01 15:11:02] [ INFO ] [LeerExcel:34] S
[2021-05-01 15:11:02] [ INFO ] [LeerExcel:34] D
[2021-05-01 15:11:02] [ INFO ] [LeerExcel:37] 
[2021-05-01 15:11:02] [ INFO ] [LeerExcel:34] _
[2021-05-01 15:11:02] [ INFO ] [LeerExcel:34] _
[2021-05-01 15:11:02] [ INFO ] [LeerExcel:34] 1
[2021-05-01 15:11:02] [ INFO ] [LeerExcel:34] 2
[2021-05-01 15:11:02] [ INFO ] [LeerExcel:34] 3
[2021-05-01 15:11:02] [ INFO ] [LeerExcel:34] 4
[2021-05-01 15:11:02] [ INFO ] [LeerExcel:34] 5
[2021-05-01 15:11:02] [ INFO ] [LeerExcel:37] 
[2021-05-01 15:11:02] [ INFO ] [LeerExcel:34] 6
[2021-05-01 15:11:02] [ INFO ] [LeerExcel:34] 7
[2021-05-01 15:11:02] [ INFO ] [LeerExcel:34] 8
[2021-05-01 15:11:02] [ INFO ] [LeerExcel:34] 9
[2021-05-01 15:11:02] [ INFO ] [LeerExcel:34] 10
[2021-05-01 15:11:02] [ INFO ] [LeerExcel:34] 11
[2021-05-01 15:11:02] [ INFO ] [LeerExcel:34] 12
[2021-05-01 15:11:02] [ INFO ] [LeerExcel:37] 
[2021-05-01 15:11:02] [ INFO ] [LeerExcel:34] 13
[2021-05-01 15:11:02] [ INFO ] [LeerExcel:34] 14
[2021-05-01 15:11:02] [ INFO ] [LeerExcel:34] 15
[2021-05-01 15:11:02] [ INFO ] [LeerExcel:34] 16
[2021-05-01 15:11:02] [ INFO ] [LeerExcel:34] 17
[2021-05-01 15:11:02] [ INFO ] [LeerExcel:34] 18
[2021-05-01 15:11:02] [ INFO ] [LeerExcel:34] 19
[2021-05-01 15:11:02] [ INFO ] [LeerExcel:37] 
[2021-05-01 15:11:02] [ INFO ] [LeerExcel:34] 20
[2021-05-01 15:11:02] [ INFO ] [LeerExcel:34] 21
[2021-05-01 15:11:02] [ INFO ] [LeerExcel:34] 22
[2021-05-01 15:11:02] [ INFO ] [LeerExcel:34] 23
[2021-05-01 15:11:02] [ INFO ] [LeerExcel:34] 24
[2021-05-01 15:11:02] [ INFO ] [LeerExcel:34] 25
[2021-05-01 15:11:02] [ INFO ] [LeerExcel:34] 26
[2021-05-01 15:11:02] [ INFO ] [LeerExcel:37] 
[2021-05-01 15:11:02] [ INFO ] [LeerExcel:34] 27
[2021-05-01 15:11:02] [ INFO ] [LeerExcel:34] 28
[2021-05-01 15:11:02] [ INFO ] [LeerExcel:34] 29
[2021-05-01 15:11:02] [ INFO ] [LeerExcel:34] 30
[2021-05-01 15:11:02] [ INFO ] [LeerExcel:34] 31
[2021-05-01 15:11:02] [ INFO ] [LeerExcel:34] _
[2021-05-01 15:11:02] [ INFO ] [LeerExcel:34] _
[2021-05-01 15:11:02] [ INFO ] [LeerExcel:37] 
[2021-05-01 15:11:02] [ INFO ] [LeerExcel:34] _
[2021-05-01 15:11:02] [ INFO ] [LeerExcel:34] _
[2021-05-01 15:11:02] [ INFO ] [LeerExcel:34] _
[2021-05-01 15:11:02] [ INFO ] [LeerExcel:34] _
[2021-05-01 15:11:02] [ INFO ] [LeerExcel:34] _
[2021-05-01 15:11:02] [ INFO ] [LeerExcel:34] _
[2021-05-01 15:11:02] [ INFO ] [LeerExcel:34] _
[2021-05-01 15:11:02] [ INFO ] [LeerExcel:37] 
[2021-05-01 15:11:02] [ INFO ] [LeerExcel:34] L
[2021-05-01 15:11:02] [ INFO ] [LeerExcel:34] M
[2021-05-01 15:11:02] [ INFO ] [LeerExcel:34] X
[2021-05-01 15:11:02] [ INFO ] [LeerExcel:34] J
[2021-05-01 15:11:02] [ INFO ] [LeerExcel:34] V
[2021-05-01 15:11:02] [ INFO ] [LeerExcel:34] S
[2021-05-01 15:11:02] [ INFO ] [LeerExcel:34] D
[2021-05-01 15:11:02] [ INFO ] [LeerExcel:37] 
[2021-05-01 15:11:02] [ INFO ] [LeerExcel:34] _
[2021-05-01 15:11:02] [ INFO ] [LeerExcel:34] _
[2021-05-01 15:11:02] [ INFO ] [LeerExcel:34] _
[2021-05-01 15:11:02] [ INFO ] [LeerExcel:34] _
[2021-05-01 15:11:02] [ INFO ] [LeerExcel:34] _
[2021-05-01 15:11:02] [ INFO ] [LeerExcel:34] 1
[2021-05-01 15:11:02] [ INFO ] [LeerExcel:34] 2
[2021-05-01 15:11:02] [ INFO ] [LeerExcel:37] 
[2021-05-01 15:11:02] [ INFO ] [LeerExcel:34] 3
[2021-05-01 15:11:02] [ INFO ] [LeerExcel:34] 4
[2021-05-01 15:11:02] [ INFO ] [LeerExcel:34] 5
[2021-05-01 15:11:02] [ INFO ] [LeerExcel:34] 6
[2021-05-01 15:11:02] [ INFO ] [LeerExcel:34] 7
[2021-05-01 15:11:02] [ INFO ] [LeerExcel:34] 8
[2021-05-01 15:11:02] [ INFO ] [LeerExcel:34] 9
[2021-05-01 15:11:02] [ INFO ] [LeerExcel:37] 
[2021-05-01 15:11:02] [ INFO ] [LeerExcel:34] 10
[2021-05-01 15:11:02] [ INFO ] [LeerExcel:34] 11
[2021-05-01 15:11:02] [ INFO ] [LeerExcel:34] 12
[2021-05-01 15:11:02] [ INFO ] [LeerExcel:34] 13
[2021-05-01 15:11:02] [ INFO ] [LeerExcel:34] 14
[2021-05-01 15:11:02] [ INFO ] [LeerExcel:34] 15
[2021-05-01 15:11:02] [ INFO ] [LeerExcel:34] 16
[2021-05-01 15:11:02] [ INFO ] [LeerExcel:37] 
[2021-05-01 15:11:02] [ INFO ] [LeerExcel:34] 17
[2021-05-01 15:11:02] [ INFO ] [LeerExcel:34] 18
[2021-05-01 15:11:02] [ INFO ] [LeerExcel:34] 19
[2021-05-01 15:11:02] [ INFO ] [LeerExcel:34] 20
[2021-05-01 15:11:02] [ INFO ] [LeerExcel:34] 21
[2021-05-01 15:11:02] [ INFO ] [LeerExcel:34] 22
[2021-05-01 15:11:02] [ INFO ] [LeerExcel:34] 23
[2021-05-01 15:11:02] [ INFO ] [LeerExcel:37] 
[2021-05-01 15:11:02] [ INFO ] [LeerExcel:34] 24
[2021-05-01 15:11:02] [ INFO ] [LeerExcel:34] 25
[2021-05-01 15:11:02] [ INFO ] [LeerExcel:34] 26
[2021-05-01 15:11:02] [ INFO ] [LeerExcel:34] 27
[2021-05-01 15:11:02] [ INFO ] [LeerExcel:34] 28
[2021-05-01 15:11:02] [ INFO ] [LeerExcel:34] 29
[2021-05-01 15:11:02] [ INFO ] [LeerExcel:34] 30
[2021-05-01 15:11:02] [ INFO ] [LeerExcel:37] 
[2021-05-01 15:11:02] [ INFO ] [LeerExcel:34] 31
[2021-05-01 15:11:02] [ INFO ] [LeerExcel:34] _
[2021-05-01 15:11:02] [ INFO ] [LeerExcel:34] _
[2021-05-01 15:11:02] [ INFO ] [LeerExcel:34] _
[2021-05-01 15:11:02] [ INFO ] [LeerExcel:34] _
[2021-05-01 15:11:02] [ INFO ] [LeerExcel:34] _
[2021-05-01 15:11:02] [ INFO ] [LeerExcel:34] _
[2021-05-01 15:11:02] [ INFO ] [LeerExcel:37] 
[2021-05-01 15:11:02] [ INFO ] [LeerExcel:34] L
[2021-05-01 15:11:02] [ INFO ] [LeerExcel:34] M
[2021-05-01 15:11:02] [ INFO ] [LeerExcel:34] X
[2021-05-01 15:11:02] [ INFO ] [LeerExcel:34] J
[2021-05-01 15:11:02] [ INFO ] [LeerExcel:34] V
[2021-05-01 15:11:02] [ INFO ] [LeerExcel:34] S
[2021-05-01 15:11:02] [ INFO ] [LeerExcel:34] D
[2021-05-01 15:11:02] [ INFO ] [LeerExcel:37] 
[2021-05-01 15:11:02] [ INFO ] [LeerExcel:34] _
[2021-05-01 15:11:02] [ INFO ] [LeerExcel:34] 1
[2021-05-01 15:11:02] [ INFO ] [LeerExcel:34] 2
[2021-05-01 15:11:02] [ INFO ] [LeerExcel:34] 3
[2021-05-01 15:11:02] [ INFO ] [LeerExcel:34] 4
[2021-05-01 15:11:02] [ INFO ] [LeerExcel:34] 5
[2021-05-01 15:11:02] [ INFO ] [LeerExcel:34] 6
[2021-05-01 15:11:02] [ INFO ] [LeerExcel:37] 
[2021-05-01 15:11:02] [ INFO ] [LeerExcel:34] 7
[2021-05-01 15:11:02] [ INFO ] [LeerExcel:34] 8
[2021-05-01 15:11:02] [ INFO ] [LeerExcel:34] 9
[2021-05-01 15:11:02] [ INFO ] [LeerExcel:34] 10
[2021-05-01 15:11:02] [ INFO ] [LeerExcel:34] 11
[2021-05-01 15:11:02] [ INFO ] [LeerExcel:34] 12
[2021-05-01 15:11:02] [ INFO ] [LeerExcel:34] 13
[2021-05-01 15:11:02] [ INFO ] [LeerExcel:37] 
[2021-05-01 15:11:02] [ INFO ] [LeerExcel:34] 14
[2021-05-01 15:11:02] [ INFO ] [LeerExcel:34] 15
[2021-05-01 15:11:02] [ INFO ] [LeerExcel:34] 16
[2021-05-01 15:11:02] [ INFO ] [LeerExcel:34] 17
[2021-05-01 15:11:02] [ INFO ] [LeerExcel:34] 18
[2021-05-01 15:11:02] [ INFO ] [LeerExcel:34] 19
[2021-05-01 15:11:02] [ INFO ] [LeerExcel:34] 20
[2021-05-01 15:11:02] [ INFO ] [LeerExcel:37] 
[2021-05-01 15:11:02] [ INFO ] [LeerExcel:34] 21
[2021-05-01 15:11:02] [ INFO ] [LeerExcel:34] 22
[2021-05-01 15:11:02] [ INFO ] [LeerExcel:34] 23
[2021-05-01 15:11:02] [ INFO ] [LeerExcel:34] 24
[2021-05-01 15:11:02] [ INFO ] [LeerExcel:34] 25
[2021-05-01 15:11:02] [ INFO ] [LeerExcel:34] 26
[2021-05-01 15:11:02] [ INFO ] [LeerExcel:34] 27
[2021-05-01 15:11:02] [ INFO ] [LeerExcel:37] 
[2021-05-01 15:11:02] [ INFO ] [LeerExcel:34] 28
[2021-05-01 15:11:02] [ INFO ] [LeerExcel:34] 29
[2021-05-01 15:11:02] [ INFO ] [LeerExcel:34] 30
[2021-05-01 15:11:02] [ INFO ] [LeerExcel:34] _
[2021-05-01 15:11:02] [ INFO ] [LeerExcel:34] _
[2021-05-01 15:11:02] [ INFO ] [LeerExcel:34] _
[2021-05-01 15:11:02] [ INFO ] [LeerExcel:34] _
[2021-05-01 15:11:02] [ INFO ] [LeerExcel:37] 
[2021-05-01 15:11:02] [ INFO ] [LeerExcel:34] _
[2021-05-01 15:11:02] [ INFO ] [LeerExcel:34] _
[2021-05-01 15:11:02] [ INFO ] [LeerExcel:34] _
[2021-05-01 15:11:02] [ INFO ] [LeerExcel:34] _
[2021-05-01 15:11:02] [ INFO ] [LeerExcel:34] _
[2021-05-01 15:11:02] [ INFO ] [LeerExcel:34] _
[2021-05-01 15:11:02] [ INFO ] [LeerExcel:34] _
[2021-05-01 15:11:02] [ INFO ] [LeerExcel:37] 
[2021-05-01 15:11:02] [ INFO ] [LeerExcel:34] L
[2021-05-01 15:11:02] [ INFO ] [LeerExcel:34] M
[2021-05-01 15:11:02] [ INFO ] [LeerExcel:34] X
[2021-05-01 15:11:02] [ INFO ] [LeerExcel:34] J
[2021-05-01 15:11:02] [ INFO ] [LeerExcel:34] V
[2021-05-01 15:11:02] [ INFO ] [LeerExcel:34] S
[2021-05-01 15:11:02] [ INFO ] [LeerExcel:34] D
[2021-05-01 15:11:02] [ INFO ] [LeerExcel:37] 
[2021-05-01 15:11:02] [ INFO ] [LeerExcel:34] _
[2021-05-01 15:11:02] [ INFO ] [LeerExcel:34] _
[2021-05-01 15:11:02] [ INFO ] [LeerExcel:34] _
[2021-05-01 15:11:02] [ INFO ] [LeerExcel:34] 1
[2021-05-01 15:11:02] [ INFO ] [LeerExcel:34] 2
[2021-05-01 15:11:02] [ INFO ] [LeerExcel:34] 3
[2021-05-01 15:11:02] [ INFO ] [LeerExcel:34] 4
[2021-05-01 15:11:02] [ INFO ] [LeerExcel:37] 
[2021-05-01 15:11:02] [ INFO ] [LeerExcel:34] 5
[2021-05-01 15:11:02] [ INFO ] [LeerExcel:34] 6
[2021-05-01 15:11:02] [ INFO ] [LeerExcel:34] 7
[2021-05-01 15:11:02] [ INFO ] [LeerExcel:34] 8
[2021-05-01 15:11:02] [ INFO ] [LeerExcel:34] 9
[2021-05-01 15:11:02] [ INFO ] [LeerExcel:34] 10
[2021-05-01 15:11:02] [ INFO ] [LeerExcel:34] 11
[2021-05-01 15:11:02] [ INFO ] [LeerExcel:37] 
[2021-05-01 15:11:02] [ INFO ] [LeerExcel:34] 12
[2021-05-01 15:11:02] [ INFO ] [LeerExcel:34] 13
[2021-05-01 15:11:02] [ INFO ] [LeerExcel:34] 14
[2021-05-01 15:11:02] [ INFO ] [LeerExcel:34] 15
[2021-05-01 15:11:02] [ INFO ] [LeerExcel:34] 16
[2021-05-01 15:11:02] [ INFO ] [LeerExcel:34] 17
[2021-05-01 15:11:02] [ INFO ] [LeerExcel:34] 18
[2021-05-01 15:11:02] [ INFO ] [LeerExcel:37] 
[2021-05-01 15:11:02] [ INFO ] [LeerExcel:34] 19
[2021-05-01 15:11:02] [ INFO ] [LeerExcel:34] 20
[2021-05-01 15:11:02] [ INFO ] [LeerExcel:34] 21
[2021-05-01 15:11:02] [ INFO ] [LeerExcel:34] 22
[2021-05-01 15:11:02] [ INFO ] [LeerExcel:34] 23
[2021-05-01 15:11:02] [ INFO ] [LeerExcel:34] 24
[2021-05-01 15:11:02] [ INFO ] [LeerExcel:34] 25
[2021-05-01 15:11:02] [ INFO ] [LeerExcel:37] 
[2021-05-01 15:11:02] [ INFO ] [LeerExcel:34] 26
[2021-05-01 15:11:02] [ INFO ] [LeerExcel:34] 27
[2021-05-01 15:11:02] [ INFO ] [LeerExcel:34] 28
[2021-05-01 15:11:02] [ INFO ] [LeerExcel:34] 29
[2021-05-01 15:11:02] [ INFO ] [LeerExcel:34] 30
[2021-05-01 15:11:02] [ INFO ] [LeerExcel:34] 31
[2021-05-01 15:11:02] [ INFO ] [LeerExcel:34] _
[2021-05-01 15:11:02] [ INFO ] [LeerExcel:37] 
[2021-05-01 15:11:02] [ INFO ] [LeerExcel:34] _
[2021-05-01 15:11:02] [ INFO ] [LeerExcel:34] _
[2021-05-01 15:11:02] [ INFO ] [LeerExcel:34] _
[2021-05-01 15:11:02] [ INFO ] [LeerExcel:34] _
[2021-05-01 15:11:02] [ INFO ] [LeerExcel:34] _
[2021-05-01 15:11:02] [ INFO ] [LeerExcel:34] _
[2021-05-01 15:11:02] [ INFO ] [LeerExcel:34] _
[2021-05-01 15:11:02] [ INFO ] [LeerExcel:37] 
[2021-05-01 15:11:02] [ INFO ] [LeerExcel:34] L
[2021-05-01 15:11:02] [ INFO ] [LeerExcel:34] M
[2021-05-01 15:11:02] [ INFO ] [LeerExcel:34] X
[2021-05-01 15:11:02] [ INFO ] [LeerExcel:34] J
[2021-05-01 15:11:02] [ INFO ] [LeerExcel:34] V
[2021-05-01 15:11:02] [ INFO ] [LeerExcel:34] S
[2021-05-01 15:11:02] [ INFO ] [LeerExcel:34] D
[2021-05-01 15:11:02] [ INFO ] [LeerExcel:37] 
[2021-05-01 15:11:02] [ INFO ] [LeerExcel:34] _
[2021-05-01 15:11:02] [ INFO ] [LeerExcel:34] _
[2021-05-01 15:11:02] [ INFO ] [LeerExcel:34] _
[2021-05-01 15:11:02] [ INFO ] [LeerExcel:34] _
[2021-05-01 15:11:02] [ INFO ] [LeerExcel:34] _
[2021-05-01 15:11:02] [ INFO ] [LeerExcel:34] _
[2021-05-01 15:11:02] [ INFO ] [LeerExcel:34] 1
[2021-05-01 15:11:02] [ INFO ] [LeerExcel:37] 
[2021-05-01 15:11:02] [ INFO ] [LeerExcel:34] 2
[2021-05-01 15:11:02] [ INFO ] [LeerExcel:34] 3
[2021-05-01 15:11:02] [ INFO ] [LeerExcel:34] 4
[2021-05-01 15:11:02] [ INFO ] [LeerExcel:34] 5
[2021-05-01 15:11:02] [ INFO ] [LeerExcel:34] 6
[2021-05-01 15:11:02] [ INFO ] [LeerExcel:34] 7
[2021-05-01 15:11:02] [ INFO ] [LeerExcel:34] 8
[2021-05-01 15:11:02] [ INFO ] [LeerExcel:37] 
[2021-05-01 15:11:02] [ INFO ] [LeerExcel:34] 9
[2021-05-01 15:11:02] [ INFO ] [LeerExcel:34] 10
[2021-05-01 15:11:02] [ INFO ] [LeerExcel:34] 11
[2021-05-01 15:11:02] [ INFO ] [LeerExcel:34] 12
[2021-05-01 15:11:02] [ INFO ] [LeerExcel:34] 13
[2021-05-01 15:11:02] [ INFO ] [LeerExcel:34] 14
[2021-05-01 15:11:02] [ INFO ] [LeerExcel:34] 15
[2021-05-01 15:11:02] [ INFO ] [LeerExcel:37] 
[2021-05-01 15:11:02] [ INFO ] [LeerExcel:34] 16
[2021-05-01 15:11:02] [ INFO ] [LeerExcel:34] 17
[2021-05-01 15:11:02] [ INFO ] [LeerExcel:34] 18
[2021-05-01 15:11:02] [ INFO ] [LeerExcel:34] 19
[2021-05-01 15:11:02] [ INFO ] [LeerExcel:34] 20
[2021-05-01 15:11:02] [ INFO ] [LeerExcel:34] 21
[2021-05-01 15:11:02] [ INFO ] [LeerExcel:34] 22
[2021-05-01 15:11:02] [ INFO ] [LeerExcel:37] 
[2021-05-01 15:11:02] [ INFO ] [LeerExcel:34] 23
[2021-05-01 15:11:02] [ INFO ] [LeerExcel:34] 24
[2021-05-01 15:11:02] [ INFO ] [LeerExcel:34] 25
[2021-05-01 15:11:02] [ INFO ] [LeerExcel:34] 26
[2021-05-01 15:11:02] [ INFO ] [LeerExcel:34] 27
[2021-05-01 15:11:02] [ INFO ] [LeerExcel:34] 28
[2021-05-01 15:11:02] [ INFO ] [LeerExcel:34] 29
[2021-05-01 15:11:02] [ INFO ] [LeerExcel:37] 
[2021-05-01 15:11:02] [ INFO ] [LeerExcel:34] 30
[2021-05-01 15:11:02] [ INFO ] [LeerExcel:34] _
[2021-05-01 15:11:02] [ INFO ] [LeerExcel:34] _
[2021-05-01 15:11:02] [ INFO ] [LeerExcel:34] _
[2021-05-01 15:11:02] [ INFO ] [LeerExcel:34] _
[2021-05-01 15:11:02] [ INFO ] [LeerExcel:34] _
[2021-05-01 15:11:02] [ INFO ] [LeerExcel:34] _
[2021-05-01 15:11:02] [ INFO ] [LeerExcel:37] 
[2021-05-01 15:11:02] [ INFO ] [LeerExcel:34] L
[2021-05-01 15:11:02] [ INFO ] [LeerExcel:34] M
[2021-05-01 15:11:02] [ INFO ] [LeerExcel:34] X
[2021-05-01 15:11:02] [ INFO ] [LeerExcel:34] J
[2021-05-01 15:11:02] [ INFO ] [LeerExcel:34] V
[2021-05-01 15:11:02] [ INFO ] [LeerExcel:34] S
[2021-05-01 15:11:02] [ INFO ] [LeerExcel:34] D
[2021-05-01 15:11:02] [ INFO ] [LeerExcel:37] 
[2021-05-01 15:11:02] [ INFO ] [LeerExcel:34] _
[2021-05-01 15:11:02] [ INFO ] [LeerExcel:34] 1
[2021-05-01 15:11:02] [ INFO ] [LeerExcel:34] 2
[2021-05-01 15:11:02] [ INFO ] [LeerExcel:34] 3
[2021-05-01 15:11:02] [ INFO ] [LeerExcel:34] 4
[2021-05-01 15:11:02] [ INFO ] [LeerExcel:34] 5
[2021-05-01 15:11:02] [ INFO ] [LeerExcel:34] 6
[2021-05-01 15:11:02] [ INFO ] [LeerExcel:37] 
[2021-05-01 15:11:02] [ INFO ] [LeerExcel:34] 7
[2021-05-01 15:11:02] [ INFO ] [LeerExcel:34] 8
[2021-05-01 15:11:02] [ INFO ] [LeerExcel:34] 9
[2021-05-01 15:11:02] [ INFO ] [LeerExcel:34] 10
[2021-05-01 15:11:02] [ INFO ] [LeerExcel:34] 11
[2021-05-01 15:11:02] [ INFO ] [LeerExcel:34] 12
[2021-05-01 15:11:02] [ INFO ] [LeerExcel:34] 13
[2021-05-01 15:11:02] [ INFO ] [LeerExcel:37] 
[2021-05-01 15:11:02] [ INFO ] [LeerExcel:34] 14
[2021-05-01 15:11:02] [ INFO ] [LeerExcel:34] 15
[2021-05-01 15:11:02] [ INFO ] [LeerExcel:34] 16
[2021-05-01 15:11:02] [ INFO ] [LeerExcel:34] 17
[2021-05-01 15:11:02] [ INFO ] [LeerExcel:34] 18
[2021-05-01 15:11:02] [ INFO ] [LeerExcel:34] 19
[2021-05-01 15:11:02] [ INFO ] [LeerExcel:34] 20
[2021-05-01 15:11:02] [ INFO ] [LeerExcel:37] 
[2021-05-01 15:11:02] [ INFO ] [LeerExcel:34] 21
[2021-05-01 15:11:02] [ INFO ] [LeerExcel:34] 22
[2021-05-01 15:11:02] [ INFO ] [LeerExcel:34] 23
[2021-05-01 15:11:02] [ INFO ] [LeerExcel:34] 24
[2021-05-01 15:11:02] [ INFO ] [LeerExcel:34] 25
[2021-05-01 15:11:02] [ INFO ] [LeerExcel:34] 26
[2021-05-01 15:11:02] [ INFO ] [LeerExcel:34] 27
[2021-05-01 15:11:02] [ INFO ] [LeerExcel:37] 
[2021-05-01 15:11:02] [ INFO ] [LeerExcel:34] 28
[2021-05-01 15:11:02] [ INFO ] [LeerExcel:34] 29
[2021-05-01 15:11:02] [ INFO ] [LeerExcel:34] 30
[2021-05-01 15:11:02] [ INFO ] [LeerExcel:34] 31
[2021-05-01 15:11:02] [ INFO ] [LeerExcel:34] _
[2021-05-01 15:11:02] [ INFO ] [LeerExcel:34] _
[2021-05-01 15:11:02] [ INFO ] [LeerExcel:34] _
[2021-05-01 15:11:02] [ INFO ] [LeerExcel:37] 
[2021-05-01 15:11:02] [ INFO ] [LeerExcel:34] _
[2021-05-01 15:11:02] [ INFO ] [LeerExcel:34] _
[2021-05-01 15:11:02] [ INFO ] [LeerExcel:34] _
[2021-05-01 15:11:02] [ INFO ] [LeerExcel:34] _
[2021-05-01 15:11:02] [ INFO ] [LeerExcel:34] _
[2021-05-01 15:11:02] [ INFO ] [LeerExcel:34] _
[2021-05-01 15:11:02] [ INFO ] [LeerExcel:34] _
[2021-05-01 15:11:02] [ INFO ] [LeerExcel:37] 
[2021-05-01 15:11:30] [ DEBUG] [LeerExcel:17] ==INICIO==
[2021-05-01 15:11:30] [ INFO ] [LeerExcel:34] L
[2021-05-01 15:11:30] [ INFO ] [LeerExcel:34] M
[2021-05-01 15:11:30] [ INFO ] [LeerExcel:34] X
[2021-05-01 15:11:30] [ INFO ] [LeerExcel:34] J
[2021-05-01 15:11:30] [ INFO ] [LeerExcel:34] V
[2021-05-01 15:11:30] [ INFO ] [LeerExcel:34] S
[2021-05-01 15:11:30] [ INFO ] [LeerExcel:34] D
[2021-05-01 15:11:30] [ INFO ] [LeerExcel:37] 
[2021-05-01 15:11:30] [ INFO ] [LeerExcel:34] _
[2021-05-01 15:11:30] [ INFO ] [LeerExcel:34] _
[2021-05-01 15:11:30] [ INFO ] [LeerExcel:34] 1
[2021-05-01 15:11:30] [ INFO ] [LeerExcel:34] 2
[2021-05-01 15:11:30] [ INFO ] [LeerExcel:34] 3
[2021-05-01 15:11:30] [ INFO ] [LeerExcel:34] 4
[2021-05-01 15:11:30] [ INFO ] [LeerExcel:34] 5
[2021-05-01 15:11:30] [ INFO ] [LeerExcel:37] 
[2021-05-01 15:11:30] [ INFO ] [LeerExcel:34] 6
[2021-05-01 15:11:30] [ INFO ] [LeerExcel:34] 7
[2021-05-01 15:11:30] [ INFO ] [LeerExcel:34] 8
[2021-05-01 15:11:30] [ INFO ] [LeerExcel:34] 9
[2021-05-01 15:11:30] [ INFO ] [LeerExcel:34] 10
[2021-05-01 15:11:30] [ INFO ] [LeerExcel:34] 11
[2021-05-01 15:11:30] [ INFO ] [LeerExcel:34] 12
[2021-05-01 15:11:30] [ INFO ] [LeerExcel:37] 
[2021-05-01 15:11:30] [ INFO ] [LeerExcel:34] 13
[2021-05-01 15:11:30] [ INFO ] [LeerExcel:34] 14
[2021-05-01 15:11:30] [ INFO ] [LeerExcel:34] 15
[2021-05-01 15:11:30] [ INFO ] [LeerExcel:34] 16
[2021-05-01 15:11:30] [ INFO ] [LeerExcel:34] 17
[2021-05-01 15:11:30] [ INFO ] [LeerExcel:34] 18
[2021-05-01 15:11:30] [ INFO ] [LeerExcel:34] 19
[2021-05-01 15:11:30] [ INFO ] [LeerExcel:37] 
[2021-05-01 15:11:30] [ INFO ] [LeerExcel:34] 20
[2021-05-01 15:11:30] [ INFO ] [LeerExcel:34] 21
[2021-05-01 15:11:30] [ INFO ] [LeerExcel:34] 22
[2021-05-01 15:11:30] [ INFO ] [LeerExcel:34] 23
[2021-05-01 15:11:30] [ INFO ] [LeerExcel:34] 24
[2021-05-01 15:11:30] [ INFO ] [LeerExcel:34] 25
[2021-05-01 15:11:30] [ INFO ] [LeerExcel:34] 26
[2021-05-01 15:11:30] [ INFO ] [LeerExcel:37] 
[2021-05-01 15:11:30] [ INFO ] [LeerExcel:34] 27
[2021-05-01 15:11:30] [ INFO ] [LeerExcel:34] 28
[2021-05-01 15:11:30] [ INFO ] [LeerExcel:34] 29
[2021-05-01 15:11:30] [ INFO ] [LeerExcel:34] 30
[2021-05-01 15:11:30] [ INFO ] [LeerExcel:34] 31
[2021-05-01 15:11:30] [ INFO ] [LeerExcel:34] _
[2021-05-01 15:11:30] [ INFO ] [LeerExcel:34] _
[2021-05-01 15:11:30] [ INFO ] [LeerExcel:37] 
[2021-05-01 15:11:30] [ INFO ] [LeerExcel:34] _
[2021-05-01 15:11:30] [ INFO ] [LeerExcel:34] _
[2021-05-01 15:11:30] [ INFO ] [LeerExcel:34] _
[2021-05-01 15:11:30] [ INFO ] [LeerExcel:34] _
[2021-05-01 15:11:30] [ INFO ] [LeerExcel:34] _
[2021-05-01 15:11:30] [ INFO ] [LeerExcel:34] _
[2021-05-01 15:11:30] [ INFO ] [LeerExcel:34] _
[2021-05-01 15:11:30] [ INFO ] [LeerExcel:37] 
[2021-05-01 15:11:30] [ INFO ] [LeerExcel:34] L
[2021-05-01 15:11:30] [ INFO ] [LeerExcel:34] M
[2021-05-01 15:11:30] [ INFO ] [LeerExcel:34] X
[2021-05-01 15:11:30] [ INFO ] [LeerExcel:34] J
[2021-05-01 15:11:30] [ INFO ] [LeerExcel:34] V
[2021-05-01 15:11:30] [ INFO ] [LeerExcel:34] S
[2021-05-01 15:11:30] [ INFO ] [LeerExcel:34] D
[2021-05-01 15:11:30] [ INFO ] [LeerExcel:37] 
[2021-05-01 15:11:30] [ INFO ] [LeerExcel:34] _
[2021-05-01 15:11:30] [ INFO ] [LeerExcel:34] _
[2021-05-01 15:11:30] [ INFO ] [LeerExcel:34] _
[2021-05-01 15:11:30] [ INFO ] [LeerExcel:34] _
[2021-05-01 15:11:30] [ INFO ] [LeerExcel:34] _
[2021-05-01 15:11:30] [ INFO ] [LeerExcel:34] 1
[2021-05-01 15:11:30] [ INFO ] [LeerExcel:34] 2
[2021-05-01 15:11:30] [ INFO ] [LeerExcel:37] 
[2021-05-01 15:11:30] [ INFO ] [LeerExcel:34] 3
[2021-05-01 15:11:30] [ INFO ] [LeerExcel:34] 4
[2021-05-01 15:11:30] [ INFO ] [LeerExcel:34] 5
[2021-05-01 15:11:30] [ INFO ] [LeerExcel:34] 6
[2021-05-01 15:11:30] [ INFO ] [LeerExcel:34] 7
[2021-05-01 15:11:30] [ INFO ] [LeerExcel:34] 8
[2021-05-01 15:11:30] [ INFO ] [LeerExcel:34] 9
[2021-05-01 15:11:30] [ INFO ] [LeerExcel:37] 
[2021-05-01 15:11:30] [ INFO ] [LeerExcel:34] 10
[2021-05-01 15:11:30] [ INFO ] [LeerExcel:34] 11
[2021-05-01 15:11:30] [ INFO ] [LeerExcel:34] 12
[2021-05-01 15:11:30] [ INFO ] [LeerExcel:34] 13
[2021-05-01 15:11:30] [ INFO ] [LeerExcel:34] 14
[2021-05-01 15:11:30] [ INFO ] [LeerExcel:34] 15
[2021-05-01 15:11:30] [ INFO ] [LeerExcel:34] 16
[2021-05-01 15:11:30] [ INFO ] [LeerExcel:37] 
[2021-05-01 15:11:30] [ INFO ] [LeerExcel:34] 17
[2021-05-01 15:11:30] [ INFO ] [LeerExcel:34] 18
[2021-05-01 15:11:30] [ INFO ] [LeerExcel:34] 19
[2021-05-01 15:11:30] [ INFO ] [LeerExcel:34] 20
[2021-05-01 15:11:30] [ INFO ] [LeerExcel:34] 21
[2021-05-01 15:11:30] [ INFO ] [LeerExcel:34] 22
[2021-05-01 15:11:30] [ INFO ] [LeerExcel:34] 23
[2021-05-01 15:11:30] [ INFO ] [LeerExcel:37] 
[2021-05-01 15:11:30] [ INFO ] [LeerExcel:34] 24
[2021-05-01 15:11:30] [ INFO ] [LeerExcel:34] 25
[2021-05-01 15:11:30] [ INFO ] [LeerExcel:34] 26
[2021-05-01 15:11:30] [ INFO ] [LeerExcel:34] 27
[2021-05-01 15:11:30] [ INFO ] [LeerExcel:34] 28
[2021-05-01 15:11:30] [ INFO ] [LeerExcel:34] 29
[2021-05-01 15:11:30] [ INFO ] [LeerExcel:34] _
[2021-05-01 15:11:30] [ INFO ] [LeerExcel:37] 
[2021-05-01 15:11:30] [ INFO ] [LeerExcel:34] _
[2021-05-01 15:11:30] [ INFO ] [LeerExcel:34] _
[2021-05-01 15:11:30] [ INFO ] [LeerExcel:34] _
[2021-05-01 15:11:30] [ INFO ] [LeerExcel:34] _
[2021-05-01 15:11:30] [ INFO ] [LeerExcel:34] _
[2021-05-01 15:11:30] [ INFO ] [LeerExcel:34] _
[2021-05-01 15:11:30] [ INFO ] [LeerExcel:34] _
[2021-05-01 15:11:30] [ INFO ] [LeerExcel:37] 
[2021-05-01 15:11:30] [ INFO ] [LeerExcel:34] L
[2021-05-01 15:11:30] [ INFO ] [LeerExcel:34] M
[2021-05-01 15:11:30] [ INFO ] [LeerExcel:34] X
[2021-05-01 15:11:30] [ INFO ] [LeerExcel:34] J
[2021-05-01 15:11:30] [ INFO ] [LeerExcel:34] V
[2021-05-01 15:11:30] [ INFO ] [LeerExcel:34] S
[2021-05-01 15:11:30] [ INFO ] [LeerExcel:34] D
[2021-05-01 15:11:30] [ INFO ] [LeerExcel:37] 
[2021-05-01 15:11:30] [ INFO ] [LeerExcel:34] _
[2021-05-01 15:11:30] [ INFO ] [LeerExcel:34] _
[2021-05-01 15:11:30] [ INFO ] [LeerExcel:34] _
[2021-05-01 15:11:30] [ INFO ] [LeerExcel:34] _
[2021-05-01 15:11:30] [ INFO ] [LeerExcel:34] _
[2021-05-01 15:11:30] [ INFO ] [LeerExcel:34] _
[2021-05-01 15:11:30] [ INFO ] [LeerExcel:34] 1
[2021-05-01 15:11:30] [ INFO ] [LeerExcel:37] 
[2021-05-01 15:11:30] [ INFO ] [LeerExcel:34] 2
[2021-05-01 15:11:30] [ INFO ] [LeerExcel:34] 3
[2021-05-01 15:11:30] [ INFO ] [LeerExcel:34] 4
[2021-05-01 15:11:30] [ INFO ] [LeerExcel:34] 5
[2021-05-01 15:11:30] [ INFO ] [LeerExcel:34] 6
[2021-05-01 15:11:30] [ INFO ] [LeerExcel:34] 7
[2021-05-01 15:11:30] [ INFO ] [LeerExcel:34] 8
[2021-05-01 15:11:30] [ INFO ] [LeerExcel:37] 
[2021-05-01 15:11:30] [ INFO ] [LeerExcel:34] 9
[2021-05-01 15:11:30] [ INFO ] [LeerExcel:34] 10
[2021-05-01 15:11:30] [ INFO ] [LeerExcel:34] 11
[2021-05-01 15:11:30] [ INFO ] [LeerExcel:34] 12
[2021-05-01 15:11:30] [ INFO ] [LeerExcel:34] 13
[2021-05-01 15:11:30] [ INFO ] [LeerExcel:34] 14
[2021-05-01 15:11:30] [ INFO ] [LeerExcel:34] 15
[2021-05-01 15:11:30] [ INFO ] [LeerExcel:37] 
[2021-05-01 15:11:30] [ INFO ] [LeerExcel:34] 16
[2021-05-01 15:11:30] [ INFO ] [LeerExcel:34] 17
[2021-05-01 15:11:30] [ INFO ] [LeerExcel:34] 18
[2021-05-01 15:11:30] [ INFO ] [LeerExcel:34] 19
[2021-05-01 15:11:30] [ INFO ] [LeerExcel:34] 20
[2021-05-01 15:11:30] [ INFO ] [LeerExcel:34] 21
[2021-05-01 15:11:30] [ INFO ] [LeerExcel:34] 22
[2021-05-01 15:11:30] [ INFO ] [LeerExcel:37] 
[2021-05-01 15:11:30] [ INFO ] [LeerExcel:34] 23
[2021-05-01 15:11:30] [ INFO ] [LeerExcel:34] 24
[2021-05-01 15:11:30] [ INFO ] [LeerExcel:34] 25
[2021-05-01 15:11:30] [ INFO ] [LeerExcel:34] 26
[2021-05-01 15:11:30] [ INFO ] [LeerExcel:34] 27
[2021-05-01 15:11:30] [ INFO ] [LeerExcel:34] 28
[2021-05-01 15:11:30] [ INFO ] [LeerExcel:34] 29
[2021-05-01 15:11:30] [ INFO ] [LeerExcel:37] 
[2021-05-01 15:11:30] [ INFO ] [LeerExcel:34] 30
[2021-05-01 15:11:30] [ INFO ] [LeerExcel:34] 31
[2021-05-01 15:11:30] [ INFO ] [LeerExcel:34] _
[2021-05-01 15:11:30] [ INFO ] [LeerExcel:34] _
[2021-05-01 15:11:30] [ INFO ] [LeerExcel:34] _
[2021-05-01 15:11:30] [ INFO ] [LeerExcel:34] _
[2021-05-01 15:11:30] [ INFO ] [LeerExcel:34] _
[2021-05-01 15:11:30] [ INFO ] [LeerExcel:37] 
[2021-05-01 15:11:30] [ INFO ] [LeerExcel:34] L
[2021-05-01 15:11:30] [ INFO ] [LeerExcel:34] M
[2021-05-01 15:11:30] [ INFO ] [LeerExcel:34] X
[2021-05-01 15:11:30] [ INFO ] [LeerExcel:34] J
[2021-05-01 15:11:30] [ INFO ] [LeerExcel:34] V
[2021-05-01 15:11:30] [ INFO ] [LeerExcel:34] S
[2021-05-01 15:11:30] [ INFO ] [LeerExcel:34] D
[2021-05-01 15:11:30] [ INFO ] [LeerExcel:37] 
[2021-05-01 15:11:30] [ INFO ] [LeerExcel:34] _
[2021-05-01 15:11:30] [ INFO ] [LeerExcel:34] _
[2021-05-01 15:11:30] [ INFO ] [LeerExcel:34] 1
[2021-05-01 15:11:30] [ INFO ] [LeerExcel:34] 2
[2021-05-01 15:11:30] [ INFO ] [LeerExcel:34] 3
[2021-05-01 15:11:30] [ INFO ] [LeerExcel:34] 4
[2021-05-01 15:11:30] [ INFO ] [LeerExcel:34] 5
[2021-05-01 15:11:30] [ INFO ] [LeerExcel:37] 
[2021-05-01 15:11:30] [ INFO ] [LeerExcel:34] 6
[2021-05-01 15:11:30] [ INFO ] [LeerExcel:34] 7
[2021-05-01 15:11:30] [ INFO ] [LeerExcel:34] 8
[2021-05-01 15:11:30] [ INFO ] [LeerExcel:34] 9
[2021-05-01 15:11:30] [ INFO ] [LeerExcel:34] 10
[2021-05-01 15:11:30] [ INFO ] [LeerExcel:34] 11
[2021-05-01 15:11:30] [ INFO ] [LeerExcel:34] 12
[2021-05-01 15:11:30] [ INFO ] [LeerExcel:37] 
[2021-05-01 15:11:30] [ INFO ] [LeerExcel:34] 13
[2021-05-01 15:11:30] [ INFO ] [LeerExcel:34] 14
[2021-05-01 15:11:30] [ INFO ] [LeerExcel:34] 15
[2021-05-01 15:11:30] [ INFO ] [LeerExcel:34] 16
[2021-05-01 15:11:30] [ INFO ] [LeerExcel:34] 17
[2021-05-01 15:11:30] [ INFO ] [LeerExcel:34] 18
[2021-05-01 15:11:30] [ INFO ] [LeerExcel:34] 19
[2021-05-01 15:11:30] [ INFO ] [LeerExcel:37] 
[2021-05-01 15:11:30] [ INFO ] [LeerExcel:34] 20
[2021-05-01 15:11:30] [ INFO ] [LeerExcel:34] 21
[2021-05-01 15:11:30] [ INFO ] [LeerExcel:34] 22
[2021-05-01 15:11:30] [ INFO ] [LeerExcel:34] 23
[2021-05-01 15:11:30] [ INFO ] [LeerExcel:34] 24
[2021-05-01 15:11:30] [ INFO ] [LeerExcel:34] 25
[2021-05-01 15:11:30] [ INFO ] [LeerExcel:34] 26
[2021-05-01 15:11:30] [ INFO ] [LeerExcel:37] 
[2021-05-01 15:11:30] [ INFO ] [LeerExcel:34] 27
[2021-05-01 15:11:30] [ INFO ] [LeerExcel:34] 28
[2021-05-01 15:11:30] [ INFO ] [LeerExcel:34] 29
[2021-05-01 15:11:30] [ INFO ] [LeerExcel:34] 30
[2021-05-01 15:11:30] [ INFO ] [LeerExcel:34] _
[2021-05-01 15:11:30] [ INFO ] [LeerExcel:34] _
[2021-05-01 15:11:30] [ INFO ] [LeerExcel:34] _
[2021-05-01 15:11:30] [ INFO ] [LeerExcel:37] 
[2021-05-01 15:11:30] [ INFO ] [LeerExcel:34] _
[2021-05-01 15:11:30] [ INFO ] [LeerExcel:34] _
[2021-05-01 15:11:30] [ INFO ] [LeerExcel:34] _
[2021-05-01 15:11:30] [ INFO ] [LeerExcel:34] _
[2021-05-01 15:11:30] [ INFO ] [LeerExcel:34] _
[2021-05-01 15:11:30] [ INFO ] [LeerExcel:34] _
[2021-05-01 15:11:30] [ INFO ] [LeerExcel:34] _
[2021-05-01 15:11:30] [ INFO ] [LeerExcel:37] 
[2021-05-01 15:11:30] [ INFO ] [LeerExcel:34] L
[2021-05-01 15:11:30] [ INFO ] [LeerExcel:34] M
[2021-05-01 15:11:30] [ INFO ] [LeerExcel:34] X
[2021-05-01 15:11:30] [ INFO ] [LeerExcel:34] J
[2021-05-01 15:11:30] [ INFO ] [LeerExcel:34] V
[2021-05-01 15:11:30] [ INFO ] [LeerExcel:34] S
[2021-05-01 15:11:30] [ INFO ] [LeerExcel:34] D
[2021-05-01 15:11:30] [ INFO ] [LeerExcel:37] 
[2021-05-01 15:11:30] [ INFO ] [LeerExcel:34] _
[2021-05-01 15:11:30] [ INFO ] [LeerExcel:34] _
[2021-05-01 15:11:30] [ INFO ] [LeerExcel:34] _
[2021-05-01 15:11:30] [ INFO ] [LeerExcel:34] _
[2021-05-01 15:11:30] [ INFO ] [LeerExcel:34] 1
[2021-05-01 15:11:30] [ INFO ] [LeerExcel:34] 2
[2021-05-01 15:11:30] [ INFO ] [LeerExcel:34] 3
[2021-05-01 15:11:30] [ INFO ] [LeerExcel:37] 
[2021-05-01 15:11:30] [ INFO ] [LeerExcel:34] 4
[2021-05-01 15:11:30] [ INFO ] [LeerExcel:34] 5
[2021-05-01 15:11:30] [ INFO ] [LeerExcel:34] 6
[2021-05-01 15:11:30] [ INFO ] [LeerExcel:34] 7
[2021-05-01 15:11:30] [ INFO ] [LeerExcel:34] 8
[2021-05-01 15:11:30] [ INFO ] [LeerExcel:34] 9
[2021-05-01 15:11:30] [ INFO ] [LeerExcel:34] 10
[2021-05-01 15:11:30] [ INFO ] [LeerExcel:37] 
[2021-05-01 15:11:30] [ INFO ] [LeerExcel:34] 11
[2021-05-01 15:11:30] [ INFO ] [LeerExcel:34] 12
[2021-05-01 15:11:30] [ INFO ] [LeerExcel:34] 13
[2021-05-01 15:11:30] [ INFO ] [LeerExcel:34] 14
[2021-05-01 15:11:30] [ INFO ] [LeerExcel:34] 15
[2021-05-01 15:11:30] [ INFO ] [LeerExcel:34] 16
[2021-05-01 15:11:30] [ INFO ] [LeerExcel:34] 17
[2021-05-01 15:11:30] [ INFO ] [LeerExcel:37] 
[2021-05-01 15:11:30] [ INFO ] [LeerExcel:34] 18
[2021-05-01 15:11:30] [ INFO ] [LeerExcel:34] 19
[2021-05-01 15:11:30] [ INFO ] [LeerExcel:34] 20
[2021-05-01 15:11:30] [ INFO ] [LeerExcel:34] 21
[2021-05-01 15:11:30] [ INFO ] [LeerExcel:34] 22
[2021-05-01 15:11:30] [ INFO ] [LeerExcel:34] 23
[2021-05-01 15:11:30] [ INFO ] [LeerExcel:34] 24
[2021-05-01 15:11:30] [ INFO ] [LeerExcel:37] 
[2021-05-01 15:11:30] [ INFO ] [LeerExcel:34] 25
[2021-05-01 15:11:30] [ INFO ] [LeerExcel:34] 26
[2021-05-01 15:11:30] [ INFO ] [LeerExcel:34] 27
[2021-05-01 15:11:30] [ INFO ] [LeerExcel:34] 28
[2021-05-01 15:11:30] [ INFO ] [LeerExcel:34] 29
[2021-05-01 15:11:30] [ INFO ] [LeerExcel:34] 30
[2021-05-01 15:11:30] [ INFO ] [LeerExcel:34] 31
[2021-05-01 15:11:30] [ INFO ] [LeerExcel:37] 
[2021-05-01 15:11:30] [ INFO ] [LeerExcel:34] _
[2021-05-01 15:11:30] [ INFO ] [LeerExcel:34] _
[2021-05-01 15:11:30] [ INFO ] [LeerExcel:34] _
[2021-05-01 15:11:30] [ INFO ] [LeerExcel:34] _
[2021-05-01 15:11:30] [ INFO ] [LeerExcel:34] _
[2021-05-01 15:11:30] [ INFO ] [LeerExcel:34] _
[2021-05-01 15:11:30] [ INFO ] [LeerExcel:34] _
[2021-05-01 15:11:30] [ INFO ] [LeerExcel:37] 
[2021-05-01 15:11:30] [ INFO ] [LeerExcel:34] L
[2021-05-01 15:11:30] [ INFO ] [LeerExcel:34] M
[2021-05-01 15:11:30] [ INFO ] [LeerExcel:34] X
[2021-05-01 15:11:30] [ INFO ] [LeerExcel:34] J
[2021-05-01 15:11:30] [ INFO ] [LeerExcel:34] V
[2021-05-01 15:11:30] [ INFO ] [LeerExcel:34] S
[2021-05-01 15:11:30] [ INFO ] [LeerExcel:34] D
[2021-05-01 15:11:30] [ INFO ] [LeerExcel:37] 
[2021-05-01 15:11:30] [ INFO ] [LeerExcel:34] 1
[2021-05-01 15:11:30] [ INFO ] [LeerExcel:34] 2
[2021-05-01 15:11:30] [ INFO ] [LeerExcel:34] 3
[2021-05-01 15:11:30] [ INFO ] [LeerExcel:34] 4
[2021-05-01 15:11:30] [ INFO ] [LeerExcel:34] 5
[2021-05-01 15:11:30] [ INFO ] [LeerExcel:34] 6
[2021-05-01 15:11:30] [ INFO ] [LeerExcel:34] 7
[2021-05-01 15:11:30] [ INFO ] [LeerExcel:37] 
[2021-05-01 15:11:30] [ INFO ] [LeerExcel:34] 8
[2021-05-01 15:11:30] [ INFO ] [LeerExcel:34] 9
[2021-05-01 15:11:30] [ INFO ] [LeerExcel:34] 10
[2021-05-01 15:11:30] [ INFO ] [LeerExcel:34] 11
[2021-05-01 15:11:30] [ INFO ] [LeerExcel:34] 12
[2021-05-01 15:11:30] [ INFO ] [LeerExcel:34] 13
[2021-05-01 15:11:30] [ INFO ] [LeerExcel:34] 14
[2021-05-01 15:11:30] [ INFO ] [LeerExcel:37] 
[2021-05-01 15:11:30] [ INFO ] [LeerExcel:34] 15
[2021-05-01 15:11:30] [ INFO ] [LeerExcel:34] 16
[2021-05-01 15:11:30] [ INFO ] [LeerExcel:34] 17
[2021-05-01 15:11:30] [ INFO ] [LeerExcel:34] 18
[2021-05-01 15:11:30] [ INFO ] [LeerExcel:34] 19
[2021-05-01 15:11:30] [ INFO ] [LeerExcel:34] 20
[2021-05-01 15:11:30] [ INFO ] [LeerExcel:34] 21
[2021-05-01 15:11:30] [ INFO ] [LeerExcel:37] 
[2021-05-01 15:11:30] [ INFO ] [LeerExcel:34] 22
[2021-05-01 15:11:30] [ INFO ] [LeerExcel:34] 23
[2021-05-01 15:11:30] [ INFO ] [LeerExcel:34] 24
[2021-05-01 15:11:30] [ INFO ] [LeerExcel:34] 25
[2021-05-01 15:11:30] [ INFO ] [LeerExcel:34] 26
[2021-05-01 15:11:30] [ INFO ] [LeerExcel:34] 27
[2021-05-01 15:11:30] [ INFO ] [LeerExcel:34] 28
[2021-05-01 15:11:30] [ INFO ] [LeerExcel:37] 
[2021-05-01 15:11:30] [ INFO ] [LeerExcel:34] 29
[2021-05-01 15:11:30] [ INFO ] [LeerExcel:34] 30
[2021-05-01 15:11:30] [ INFO ] [LeerExcel:34] _
[2021-05-01 15:11:30] [ INFO ] [LeerExcel:34] _
[2021-05-01 15:11:30] [ INFO ] [LeerExcel:34] _
[2021-05-01 15:11:30] [ INFO ] [LeerExcel:34] _
[2021-05-01 15:11:30] [ INFO ] [LeerExcel:34] _
[2021-05-01 15:11:30] [ INFO ] [LeerExcel:37] 
[2021-05-01 15:11:30] [ INFO ] [LeerExcel:34] _
[2021-05-01 15:11:30] [ INFO ] [LeerExcel:34] _
[2021-05-01 15:11:30] [ INFO ] [LeerExcel:34] _
[2021-05-01 15:11:30] [ INFO ] [LeerExcel:34] _
[2021-05-01 15:11:30] [ INFO ] [LeerExcel:34] _
[2021-05-01 15:11:30] [ INFO ] [LeerExcel:34] _
[2021-05-01 15:11:30] [ INFO ] [LeerExcel:34] _
[2021-05-01 15:11:30] [ INFO ] [LeerExcel:37] 
[2021-05-01 15:11:30] [ INFO ] [LeerExcel:34] L
[2021-05-01 15:11:30] [ INFO ] [LeerExcel:34] M
[2021-05-01 15:11:30] [ INFO ] [LeerExcel:34] X
[2021-05-01 15:11:30] [ INFO ] [LeerExcel:34] J
[2021-05-01 15:11:30] [ INFO ] [LeerExcel:34] V
[2021-05-01 15:11:30] [ INFO ] [LeerExcel:34] S
[2021-05-01 15:11:30] [ INFO ] [LeerExcel:34] D
[2021-05-01 15:11:30] [ INFO ] [LeerExcel:37] 
[2021-05-01 15:11:30] [ INFO ] [LeerExcel:34] _
[2021-05-01 15:11:30] [ INFO ] [LeerExcel:34] _
[2021-05-01 15:11:30] [ INFO ] [LeerExcel:34] 1
[2021-05-01 15:11:30] [ INFO ] [LeerExcel:34] 2
[2021-05-01 15:11:30] [ INFO ] [LeerExcel:34] 3
[2021-05-01 15:11:30] [ INFO ] [LeerExcel:34] 4
[2021-05-01 15:11:30] [ INFO ] [LeerExcel:34] 5
[2021-05-01 15:11:30] [ INFO ] [LeerExcel:37] 
[2021-05-01 15:11:30] [ INFO ] [LeerExcel:34] 6
[2021-05-01 15:11:30] [ INFO ] [LeerExcel:34] 7
[2021-05-01 15:11:30] [ INFO ] [LeerExcel:34] 8
[2021-05-01 15:11:30] [ INFO ] [LeerExcel:34] 9
[2021-05-01 15:11:30] [ INFO ] [LeerExcel:34] 10
[2021-05-01 15:11:30] [ INFO ] [LeerExcel:34] 11
[2021-05-01 15:11:30] [ INFO ] [LeerExcel:34] 12
[2021-05-01 15:11:30] [ INFO ] [LeerExcel:37] 
[2021-05-01 15:11:30] [ INFO ] [LeerExcel:34] 13
[2021-05-01 15:11:30] [ INFO ] [LeerExcel:34] 14
[2021-05-01 15:11:30] [ INFO ] [LeerExcel:34] 15
[2021-05-01 15:11:30] [ INFO ] [LeerExcel:34] 16
[2021-05-01 15:11:30] [ INFO ] [LeerExcel:34] 17
[2021-05-01 15:11:30] [ INFO ] [LeerExcel:34] 18
[2021-05-01 15:11:30] [ INFO ] [LeerExcel:34] 19
[2021-05-01 15:11:30] [ INFO ] [LeerExcel:37] 
[2021-05-01 15:11:30] [ INFO ] [LeerExcel:34] 20
[2021-05-01 15:11:30] [ INFO ] [LeerExcel:34] 21
[2021-05-01 15:11:30] [ INFO ] [LeerExcel:34] 22
[2021-05-01 15:11:30] [ INFO ] [LeerExcel:34] 23
[2021-05-01 15:11:30] [ INFO ] [LeerExcel:34] 24
[2021-05-01 15:11:30] [ INFO ] [LeerExcel:34] 25
[2021-05-01 15:11:30] [ INFO ] [LeerExcel:34] 26
[2021-05-01 15:11:30] [ INFO ] [LeerExcel:37] 
[2021-05-01 15:11:30] [ INFO ] [LeerExcel:34] 27
[2021-05-01 15:11:30] [ INFO ] [LeerExcel:34] 28
[2021-05-01 15:11:30] [ INFO ] [LeerExcel:34] 29
[2021-05-01 15:11:30] [ INFO ] [LeerExcel:34] 30
[2021-05-01 15:11:30] [ INFO ] [LeerExcel:34] 31
[2021-05-01 15:11:30] [ INFO ] [LeerExcel:34] _
[2021-05-01 15:11:30] [ INFO ] [LeerExcel:34] _
[2021-05-01 15:11:30] [ INFO ] [LeerExcel:37] 
[2021-05-01 15:11:30] [ INFO ] [LeerExcel:34] _
[2021-05-01 15:11:30] [ INFO ] [LeerExcel:34] _
[2021-05-01 15:11:30] [ INFO ] [LeerExcel:34] _
[2021-05-01 15:11:30] [ INFO ] [LeerExcel:34] _
[2021-05-01 15:11:30] [ INFO ] [LeerExcel:34] _
[2021-05-01 15:11:30] [ INFO ] [LeerExcel:34] _
[2021-05-01 15:11:30] [ INFO ] [LeerExcel:34] _
[2021-05-01 15:11:30] [ INFO ] [LeerExcel:37] 
[2021-05-01 15:11:30] [ INFO ] [LeerExcel:34] L
[2021-05-01 15:11:30] [ INFO ] [LeerExcel:34] M
[2021-05-01 15:11:30] [ INFO ] [LeerExcel:34] X
[2021-05-01 15:11:30] [ INFO ] [LeerExcel:34] J
[2021-05-01 15:11:30] [ INFO ] [LeerExcel:34] V
[2021-05-01 15:11:30] [ INFO ] [LeerExcel:34] S
[2021-05-01 15:11:30] [ INFO ] [LeerExcel:34] D
[2021-05-01 15:11:30] [ INFO ] [LeerExcel:37] 
[2021-05-01 15:11:30] [ INFO ] [LeerExcel:34] _
[2021-05-01 15:11:30] [ INFO ] [LeerExcel:34] _
[2021-05-01 15:11:30] [ INFO ] [LeerExcel:34] _
[2021-05-01 15:11:30] [ INFO ] [LeerExcel:34] _
[2021-05-01 15:11:30] [ INFO ] [LeerExcel:34] _
[2021-05-01 15:11:30] [ INFO ] [LeerExcel:34] 1
[2021-05-01 15:11:30] [ INFO ] [LeerExcel:34] 2
[2021-05-01 15:11:30] [ INFO ] [LeerExcel:37] 
[2021-05-01 15:11:30] [ INFO ] [LeerExcel:34] 3
[2021-05-01 15:11:30] [ INFO ] [LeerExcel:34] 4
[2021-05-01 15:11:30] [ INFO ] [LeerExcel:34] 5
[2021-05-01 15:11:30] [ INFO ] [LeerExcel:34] 6
[2021-05-01 15:11:30] [ INFO ] [LeerExcel:34] 7
[2021-05-01 15:11:30] [ INFO ] [LeerExcel:34] 8
[2021-05-01 15:11:30] [ INFO ] [LeerExcel:34] 9
[2021-05-01 15:11:30] [ INFO ] [LeerExcel:37] 
[2021-05-01 15:11:30] [ INFO ] [LeerExcel:34] 10
[2021-05-01 15:11:30] [ INFO ] [LeerExcel:34] 11
[2021-05-01 15:11:30] [ INFO ] [LeerExcel:34] 12
[2021-05-01 15:11:30] [ INFO ] [LeerExcel:34] 13
[2021-05-01 15:11:30] [ INFO ] [LeerExcel:34] 14
[2021-05-01 15:11:30] [ INFO ] [LeerExcel:34] 15
[2021-05-01 15:11:30] [ INFO ] [LeerExcel:34] 16
[2021-05-01 15:11:30] [ INFO ] [LeerExcel:37] 
[2021-05-01 15:11:30] [ INFO ] [LeerExcel:34] 17
[2021-05-01 15:11:30] [ INFO ] [LeerExcel:34] 18
[2021-05-01 15:11:30] [ INFO ] [LeerExcel:34] 19
[2021-05-01 15:11:30] [ INFO ] [LeerExcel:34] 20
[2021-05-01 15:11:30] [ INFO ] [LeerExcel:34] 21
[2021-05-01 15:11:30] [ INFO ] [LeerExcel:34] 22
[2021-05-01 15:11:30] [ INFO ] [LeerExcel:34] 23
[2021-05-01 15:11:30] [ INFO ] [LeerExcel:37] 
[2021-05-01 15:11:30] [ INFO ] [LeerExcel:34] 24
[2021-05-01 15:11:30] [ INFO ] [LeerExcel:34] 25
[2021-05-01 15:11:30] [ INFO ] [LeerExcel:34] 26
[2021-05-01 15:11:30] [ INFO ] [LeerExcel:34] 27
[2021-05-01 15:11:30] [ INFO ] [LeerExcel:34] 28
[2021-05-01 15:11:30] [ INFO ] [LeerExcel:34] 29
[2021-05-01 15:11:30] [ INFO ] [LeerExcel:34] 30
[2021-05-01 15:11:30] [ INFO ] [LeerExcel:37] 
[2021-05-01 15:11:30] [ INFO ] [LeerExcel:34] 31
[2021-05-01 15:11:30] [ INFO ] [LeerExcel:34] _
[2021-05-01 15:11:30] [ INFO ] [LeerExcel:34] _
[2021-05-01 15:11:30] [ INFO ] [LeerExcel:34] _
[2021-05-01 15:11:30] [ INFO ] [LeerExcel:34] _
[2021-05-01 15:11:30] [ INFO ] [LeerExcel:34] _
[2021-05-01 15:11:30] [ INFO ] [LeerExcel:34] _
[2021-05-01 15:11:30] [ INFO ] [LeerExcel:37] 
[2021-05-01 15:11:30] [ INFO ] [LeerExcel:34] L
[2021-05-01 15:11:30] [ INFO ] [LeerExcel:34] M
[2021-05-01 15:11:30] [ INFO ] [LeerExcel:34] X
[2021-05-01 15:11:30] [ INFO ] [LeerExcel:34] J
[2021-05-01 15:11:30] [ INFO ] [LeerExcel:34] V
[2021-05-01 15:11:30] [ INFO ] [LeerExcel:34] S
[2021-05-01 15:11:30] [ INFO ] [LeerExcel:34] D
[2021-05-01 15:11:30] [ INFO ] [LeerExcel:37] 
[2021-05-01 15:11:30] [ INFO ] [LeerExcel:34] _
[2021-05-01 15:11:30] [ INFO ] [LeerExcel:34] 1
[2021-05-01 15:11:30] [ INFO ] [LeerExcel:34] 2
[2021-05-01 15:11:30] [ INFO ] [LeerExcel:34] 3
[2021-05-01 15:11:30] [ INFO ] [LeerExcel:34] 4
[2021-05-01 15:11:30] [ INFO ] [LeerExcel:34] 5
[2021-05-01 15:11:30] [ INFO ] [LeerExcel:34] 6
[2021-05-01 15:11:30] [ INFO ] [LeerExcel:37] 
[2021-05-01 15:11:30] [ INFO ] [LeerExcel:34] 7
[2021-05-01 15:11:30] [ INFO ] [LeerExcel:34] 8
[2021-05-01 15:11:30] [ INFO ] [LeerExcel:34] 9
[2021-05-01 15:11:30] [ INFO ] [LeerExcel:34] 10
[2021-05-01 15:11:30] [ INFO ] [LeerExcel:34] 11
[2021-05-01 15:11:30] [ INFO ] [LeerExcel:34] 12
[2021-05-01 15:11:30] [ INFO ] [LeerExcel:34] 13
[2021-05-01 15:11:30] [ INFO ] [LeerExcel:37] 
[2021-05-01 15:11:30] [ INFO ] [LeerExcel:34] 14
[2021-05-01 15:11:30] [ INFO ] [LeerExcel:34] 15
[2021-05-01 15:11:30] [ INFO ] [LeerExcel:34] 16
[2021-05-01 15:11:30] [ INFO ] [LeerExcel:34] 17
[2021-05-01 15:11:30] [ INFO ] [LeerExcel:34] 18
[2021-05-01 15:11:30] [ INFO ] [LeerExcel:34] 19
[2021-05-01 15:11:30] [ INFO ] [LeerExcel:34] 20
[2021-05-01 15:11:30] [ INFO ] [LeerExcel:37] 
[2021-05-01 15:11:30] [ INFO ] [LeerExcel:34] 21
[2021-05-01 15:11:30] [ INFO ] [LeerExcel:34] 22
[2021-05-01 15:11:30] [ INFO ] [LeerExcel:34] 23
[2021-05-01 15:11:30] [ INFO ] [LeerExcel:34] 24
[2021-05-01 15:11:30] [ INFO ] [LeerExcel:34] 25
[2021-05-01 15:11:30] [ INFO ] [LeerExcel:34] 26
[2021-05-01 15:11:30] [ INFO ] [LeerExcel:34] 27
[2021-05-01 15:11:30] [ INFO ] [LeerExcel:37] 
[2021-05-01 15:11:30] [ INFO ] [LeerExcel:34] 28
[2021-05-01 15:11:30] [ INFO ] [LeerExcel:34] 29
[2021-05-01 15:11:30] [ INFO ] [LeerExcel:34] 30
[2021-05-01 15:11:30] [ INFO ] [LeerExcel:34] _
[2021-05-01 15:11:30] [ INFO ] [LeerExcel:34] _
[2021-05-01 15:11:30] [ INFO ] [LeerExcel:34] _
[2021-05-01 15:11:30] [ INFO ] [LeerExcel:34] _
[2021-05-01 15:11:30] [ INFO ] [LeerExcel:37] 
[2021-05-01 15:11:30] [ INFO ] [LeerExcel:34] _
[2021-05-01 15:11:30] [ INFO ] [LeerExcel:34] _
[2021-05-01 15:11:30] [ INFO ] [LeerExcel:34] _
[2021-05-01 15:11:30] [ INFO ] [LeerExcel:34] _
[2021-05-01 15:11:30] [ INFO ] [LeerExcel:34] _
[2021-05-01 15:11:30] [ INFO ] [LeerExcel:34] _
[2021-05-01 15:11:30] [ INFO ] [LeerExcel:34] _
[2021-05-01 15:11:30] [ INFO ] [LeerExcel:37] 
[2021-05-01 15:11:30] [ INFO ] [LeerExcel:34] L
[2021-05-01 15:11:30] [ INFO ] [LeerExcel:34] M
[2021-05-01 15:11:30] [ INFO ] [LeerExcel:34] X
[2021-05-01 15:11:30] [ INFO ] [LeerExcel:34] J
[2021-05-01 15:11:30] [ INFO ] [LeerExcel:34] V
[2021-05-01 15:11:30] [ INFO ] [LeerExcel:34] S
[2021-05-01 15:11:30] [ INFO ] [LeerExcel:34] D
[2021-05-01 15:11:30] [ INFO ] [LeerExcel:37] 
[2021-05-01 15:11:30] [ INFO ] [LeerExcel:34] _
[2021-05-01 15:11:30] [ INFO ] [LeerExcel:34] _
[2021-05-01 15:11:30] [ INFO ] [LeerExcel:34] _
[2021-05-01 15:11:30] [ INFO ] [LeerExcel:34] 1
[2021-05-01 15:11:30] [ INFO ] [LeerExcel:34] 2
[2021-05-01 15:11:30] [ INFO ] [LeerExcel:34] 3
[2021-05-01 15:11:30] [ INFO ] [LeerExcel:34] 4
[2021-05-01 15:11:30] [ INFO ] [LeerExcel:37] 
[2021-05-01 15:11:30] [ INFO ] [LeerExcel:34] 5
[2021-05-01 15:11:30] [ INFO ] [LeerExcel:34] 6
[2021-05-01 15:11:30] [ INFO ] [LeerExcel:34] 7
[2021-05-01 15:11:30] [ INFO ] [LeerExcel:34] 8
[2021-05-01 15:11:30] [ INFO ] [LeerExcel:34] 9
[2021-05-01 15:11:30] [ INFO ] [LeerExcel:34] 10
[2021-05-01 15:11:30] [ INFO ] [LeerExcel:34] 11
[2021-05-01 15:11:30] [ INFO ] [LeerExcel:37] 
[2021-05-01 15:11:30] [ INFO ] [LeerExcel:34] 12
[2021-05-01 15:11:30] [ INFO ] [LeerExcel:34] 13
[2021-05-01 15:11:30] [ INFO ] [LeerExcel:34] 14
[2021-05-01 15:11:30] [ INFO ] [LeerExcel:34] 15
[2021-05-01 15:11:30] [ INFO ] [LeerExcel:34] 16
[2021-05-01 15:11:30] [ INFO ] [LeerExcel:34] 17
[2021-05-01 15:11:30] [ INFO ] [LeerExcel:34] 18
[2021-05-01 15:11:30] [ INFO ] [LeerExcel:37] 
[2021-05-01 15:11:30] [ INFO ] [LeerExcel:34] 19
[2021-05-01 15:11:30] [ INFO ] [LeerExcel:34] 20
[2021-05-01 15:11:30] [ INFO ] [LeerExcel:34] 21
[2021-05-01 15:11:30] [ INFO ] [LeerExcel:34] 22
[2021-05-01 15:11:30] [ INFO ] [LeerExcel:34] 23
[2021-05-01 15:11:30] [ INFO ] [LeerExcel:34] 24
[2021-05-01 15:11:30] [ INFO ] [LeerExcel:34] 25
[2021-05-01 15:11:30] [ INFO ] [LeerExcel:37] 
[2021-05-01 15:11:30] [ INFO ] [LeerExcel:34] 26
[2021-05-01 15:11:30] [ INFO ] [LeerExcel:34] 27
[2021-05-01 15:11:30] [ INFO ] [LeerExcel:34] 28
[2021-05-01 15:11:30] [ INFO ] [LeerExcel:34] 29
[2021-05-01 15:11:30] [ INFO ] [LeerExcel:34] 30
[2021-05-01 15:11:30] [ INFO ] [LeerExcel:34] 31
[2021-05-01 15:11:30] [ INFO ] [LeerExcel:34] _
[2021-05-01 15:11:30] [ INFO ] [LeerExcel:37] 
[2021-05-01 15:11:30] [ INFO ] [LeerExcel:34] _
[2021-05-01 15:11:30] [ INFO ] [LeerExcel:34] _
[2021-05-01 15:11:30] [ INFO ] [LeerExcel:34] _
[2021-05-01 15:11:30] [ INFO ] [LeerExcel:34] _
[2021-05-01 15:11:30] [ INFO ] [LeerExcel:34] _
[2021-05-01 15:11:30] [ INFO ] [LeerExcel:34] _
[2021-05-01 15:11:30] [ INFO ] [LeerExcel:34] _
[2021-05-01 15:11:30] [ INFO ] [LeerExcel:37] 
[2021-05-01 15:11:30] [ INFO ] [LeerExcel:34] L
[2021-05-01 15:11:30] [ INFO ] [LeerExcel:34] M
[2021-05-01 15:11:30] [ INFO ] [LeerExcel:34] X
[2021-05-01 15:11:30] [ INFO ] [LeerExcel:34] J
[2021-05-01 15:11:30] [ INFO ] [LeerExcel:34] V
[2021-05-01 15:11:30] [ INFO ] [LeerExcel:34] S
[2021-05-01 15:11:30] [ INFO ] [LeerExcel:34] D
[2021-05-01 15:11:30] [ INFO ] [LeerExcel:37] 
[2021-05-01 15:11:30] [ INFO ] [LeerExcel:34] _
[2021-05-01 15:11:30] [ INFO ] [LeerExcel:34] _
[2021-05-01 15:11:30] [ INFO ] [LeerExcel:34] _
[2021-05-01 15:11:30] [ INFO ] [LeerExcel:34] _
[2021-05-01 15:11:30] [ INFO ] [LeerExcel:34] _
[2021-05-01 15:11:30] [ INFO ] [LeerExcel:34] _
[2021-05-01 15:11:30] [ INFO ] [LeerExcel:34] 1
[2021-05-01 15:11:30] [ INFO ] [LeerExcel:37] 
[2021-05-01 15:11:30] [ INFO ] [LeerExcel:34] 2
[2021-05-01 15:11:30] [ INFO ] [LeerExcel:34] 3
[2021-05-01 15:11:30] [ INFO ] [LeerExcel:34] 4
[2021-05-01 15:11:30] [ INFO ] [LeerExcel:34] 5
[2021-05-01 15:11:30] [ INFO ] [LeerExcel:34] 6
[2021-05-01 15:11:30] [ INFO ] [LeerExcel:34] 7
[2021-05-01 15:11:30] [ INFO ] [LeerExcel:34] 8
[2021-05-01 15:11:30] [ INFO ] [LeerExcel:37] 
[2021-05-01 15:11:30] [ INFO ] [LeerExcel:34] 9
[2021-05-01 15:11:30] [ INFO ] [LeerExcel:34] 10
[2021-05-01 15:11:30] [ INFO ] [LeerExcel:34] 11
[2021-05-01 15:11:30] [ INFO ] [LeerExcel:34] 12
[2021-05-01 15:11:30] [ INFO ] [LeerExcel:34] 13
[2021-05-01 15:11:30] [ INFO ] [LeerExcel:34] 14
[2021-05-01 15:11:30] [ INFO ] [LeerExcel:34] 15
[2021-05-01 15:11:30] [ INFO ] [LeerExcel:37] 
[2021-05-01 15:11:30] [ INFO ] [LeerExcel:34] 16
[2021-05-01 15:11:30] [ INFO ] [LeerExcel:34] 17
[2021-05-01 15:11:30] [ INFO ] [LeerExcel:34] 18
[2021-05-01 15:11:30] [ INFO ] [LeerExcel:34] 19
[2021-05-01 15:11:30] [ INFO ] [LeerExcel:34] 20
[2021-05-01 15:11:30] [ INFO ] [LeerExcel:34] 21
[2021-05-01 15:11:30] [ INFO ] [LeerExcel:34] 22
[2021-05-01 15:11:30] [ INFO ] [LeerExcel:37] 
[2021-05-01 15:11:30] [ INFO ] [LeerExcel:34] 23
[2021-05-01 15:11:30] [ INFO ] [LeerExcel:34] 24
[2021-05-01 15:11:30] [ INFO ] [LeerExcel:34] 25
[2021-05-01 15:11:30] [ INFO ] [LeerExcel:34] 26
[2021-05-01 15:11:30] [ INFO ] [LeerExcel:34] 27
[2021-05-01 15:11:30] [ INFO ] [LeerExcel:34] 28
[2021-05-01 15:11:30] [ INFO ] [LeerExcel:34] 29
[2021-05-01 15:11:30] [ INFO ] [LeerExcel:37] 
[2021-05-01 15:11:30] [ INFO ] [LeerExcel:34] 30
[2021-05-01 15:11:30] [ INFO ] [LeerExcel:34] _
[2021-05-01 15:11:30] [ INFO ] [LeerExcel:34] _
[2021-05-01 15:11:30] [ INFO ] [LeerExcel:34] _
[2021-05-01 15:11:30] [ INFO ] [LeerExcel:34] _
[2021-05-01 15:11:30] [ INFO ] [LeerExcel:34] _
[2021-05-01 15:11:30] [ INFO ] [LeerExcel:34] _
[2021-05-01 15:11:30] [ INFO ] [LeerExcel:37] 
[2021-05-01 15:11:30] [ INFO ] [LeerExcel:34] L
[2021-05-01 15:11:30] [ INFO ] [LeerExcel:34] M
[2021-05-01 15:11:30] [ INFO ] [LeerExcel:34] X
[2021-05-01 15:11:30] [ INFO ] [LeerExcel:34] J
[2021-05-01 15:11:30] [ INFO ] [LeerExcel:34] V
[2021-05-01 15:11:30] [ INFO ] [LeerExcel:34] S
[2021-05-01 15:11:30] [ INFO ] [LeerExcel:34] D
[2021-05-01 15:11:30] [ INFO ] [LeerExcel:37] 
[2021-05-01 15:11:30] [ INFO ] [LeerExcel:34] _
[2021-05-01 15:11:30] [ INFO ] [LeerExcel:34] 1
[2021-05-01 15:11:30] [ INFO ] [LeerExcel:34] 2
[2021-05-01 15:11:30] [ INFO ] [LeerExcel:34] 3
[2021-05-01 15:11:30] [ INFO ] [LeerExcel:34] 4
[2021-05-01 15:11:30] [ INFO ] [LeerExcel:34] 5
[2021-05-01 15:11:30] [ INFO ] [LeerExcel:34] 6
[2021-05-01 15:11:30] [ INFO ] [LeerExcel:37] 
[2021-05-01 15:11:30] [ INFO ] [LeerExcel:34] 7
[2021-05-01 15:11:30] [ INFO ] [LeerExcel:34] 8
[2021-05-01 15:11:30] [ INFO ] [LeerExcel:34] 9
[2021-05-01 15:11:30] [ INFO ] [LeerExcel:34] 10
[2021-05-01 15:11:30] [ INFO ] [LeerExcel:34] 11
[2021-05-01 15:11:30] [ INFO ] [LeerExcel:34] 12
[2021-05-01 15:11:30] [ INFO ] [LeerExcel:34] 13
[2021-05-01 15:11:30] [ INFO ] [LeerExcel:37] 
[2021-05-01 15:11:30] [ INFO ] [LeerExcel:34] 14
[2021-05-01 15:11:30] [ INFO ] [LeerExcel:34] 15
[2021-05-01 15:11:30] [ INFO ] [LeerExcel:34] 16
[2021-05-01 15:11:30] [ INFO ] [LeerExcel:34] 17
[2021-05-01 15:11:30] [ INFO ] [LeerExcel:34] 18
[2021-05-01 15:11:30] [ INFO ] [LeerExcel:34] 19
[2021-05-01 15:11:30] [ INFO ] [LeerExcel:34] 20
[2021-05-01 15:11:30] [ INFO ] [LeerExcel:37] 
[2021-05-01 15:11:30] [ INFO ] [LeerExcel:34] 21
[2021-05-01 15:11:30] [ INFO ] [LeerExcel:34] 22
[2021-05-01 15:11:30] [ INFO ] [LeerExcel:34] 23
[2021-05-01 15:11:30] [ INFO ] [LeerExcel:34] 24
[2021-05-01 15:11:30] [ INFO ] [LeerExcel:34] 25
[2021-05-01 15:11:30] [ INFO ] [LeerExcel:34] 26
[2021-05-01 15:11:30] [ INFO ] [LeerExcel:34] 27
[2021-05-01 15:11:30] [ INFO ] [LeerExcel:37] 
[2021-05-01 15:11:30] [ INFO ] [LeerExcel:34] 28
[2021-05-01 15:11:30] [ INFO ] [LeerExcel:34] 29
[2021-05-01 15:11:30] [ INFO ] [LeerExcel:34] 30
[2021-05-01 15:11:30] [ INFO ] [LeerExcel:34] 31
[2021-05-01 15:11:30] [ INFO ] [LeerExcel:34] _
[2021-05-01 15:11:30] [ INFO ] [LeerExcel:34] _
[2021-05-01 15:11:30] [ INFO ] [LeerExcel:34] _
[2021-05-01 15:11:30] [ INFO ] [LeerExcel:37] 
[2021-05-01 15:11:30] [ INFO ] [LeerExcel:34] _
[2021-05-01 15:11:30] [ INFO ] [LeerExcel:34] _
[2021-05-01 15:11:30] [ INFO ] [LeerExcel:34] _
[2021-05-01 15:11:30] [ INFO ] [LeerExcel:34] _
[2021-05-01 15:11:30] [ INFO ] [LeerExcel:34] _
[2021-05-01 15:11:30] [ INFO ] [LeerExcel:34] _
[2021-05-01 15:11:30] [ INFO ] [LeerExcel:34] _
[2021-05-01 15:11:30] [ INFO ] [LeerExcel:37] 
